2022-07-01 16:18:10:735 [Appium] Welcome to Appium v1.22.3
2022-07-01 16:18:10:735 [Appium] Non-default server args:
2022-07-01 16:18:10:736 [Appium]   port: 55529
2022-07-01 16:18:10:736 [Appium]   sessionOverride: true
2022-07-01 16:18:10:736 [Appium]   logFile: /Users/bambadia/IdeaProjects/CucumberFramework/ServerLogs/Iphone X/server.log
2022-07-01 16:18:10:753 [Appium] Appium REST http interface listener started on 0.0.0.0:55529
2022-07-01 16:18:10:956 [HTTP] --> GET /wd/hub/status
2022-07-01 16:18:10:956 [HTTP] {}
2022-07-01 16:18:10:958 [GENERIC] Calling AppiumDriver.getStatus() with args: []
2022-07-01 16:18:10:959 [GENERIC] Responding to client with driver.getStatus() result: {"build":{"version":"1.22.3"}}
2022-07-01 16:18:10:968 [HTTP] <-- GET /wd/hub/status 200 10 ms - 68
2022-07-01 16:18:10:969 [HTTP] 
2022-07-01 16:18:12:592 [HTTP] Request idempotency key: d29d74f0-887e-46cd-b8b1-af7de8db7c02
2022-07-01 16:18:12:609 [HTTP] --> POST /wd/hub/session
2022-07-01 16:18:12:610 [HTTP] {"capabilities":{"firstMatch":[{}],"alwaysMatch":{"appium:app":"/Users/bambadia/IdeaProjects/CucumberFramework/target/test-classes/apps/smi.app","appium:automationName":"XCUITEST","appium:deviceName":"Iphone X","appium:includeSafariInWebviews":"true","appium:newCommandTimeout":"90","appium:udid":"eb7696dfde984d2803f14b74276838381e7d96cd","appium:useNewWDA":"false","appium:wdaLocalPort":"8001","appium:webkitDebugProxyPort":"10001","appium:webviewConnectTimeout":"5000","platformName":"ios"}}}
2022-07-01 16:18:12:610 [W3C] Calling AppiumDriver.createSession() with args: [null,null,{"firstMatch":[{}],"alwaysMatch":{"appium:app":"/Users/bambadia/IdeaProjects/CucumberFramework/target/test-classes/apps/smi.app","appium:automationName":"XCUITEST","appium:deviceName":"Iphone X","appium:includeSafariInWebviews":"true","appium:newCommandTimeout":"90","appium:udid":"eb7696dfde984d2803f14b74276838381e7d96cd","appium:useNewWDA":"false","appium:wdaLocalPort":"8001","appium:webkitDebugProxyPort":"10001","appium:webviewConnectTimeout":"5000","platformName":"ios"}}]
2022-07-01 16:18:12:613 [BaseDriver] Event 'newSessionRequested' logged at 1656692292610 (18:18:12 GMT+0200 (heure d’été d’Europe centrale))
2022-07-01 16:18:12:615 [BaseDriver] Number capability passed in as string. Functionality may be compromised.
2022-07-01 16:18:12:822 [Appium] Appium v1.22.3 creating new XCUITestDriver (v3.59.0) session
2022-07-01 16:18:12:822 [Appium] There are no active sessions for cleanup
2022-07-01 16:18:12:824 [BaseDriver] Creating session with W3C capabilities: {
2022-07-01 16:18:12:824 [BaseDriver]   "alwaysMatch": {
2022-07-01 16:18:12:824 [BaseDriver]     "platformName": "ios",
2022-07-01 16:18:12:824 [BaseDriver]     "appium:app": "/Users/bambadia/IdeaProjects/CucumberFramework/target/test-classes/apps/smi.app",
2022-07-01 16:18:12:824 [BaseDriver]     "appium:automationName": "XCUITEST",
2022-07-01 16:18:12:824 [BaseDriver]     "appium:deviceName": "Iphone X",
2022-07-01 16:18:12:824 [BaseDriver]     "appium:includeSafariInWebviews": "true",
2022-07-01 16:18:12:824 [BaseDriver]     "appium:newCommandTimeout": "90",
2022-07-01 16:18:12:824 [BaseDriver]     "appium:udid": "eb7696dfde984d2803f14b74276838381e7d96cd",
2022-07-01 16:18:12:824 [BaseDriver]     "appium:useNewWDA": "false",
2022-07-01 16:18:12:824 [BaseDriver]     "appium:wdaLocalPort": "8001",
2022-07-01 16:18:12:824 [BaseDriver]     "appium:webkitDebugProxyPort": "10001",
2022-07-01 16:18:12:824 [BaseDriver]     "appium:webviewConnectTimeout": "5000"
2022-07-01 16:18:12:824 [BaseDriver]   },
2022-07-01 16:18:12:824 [BaseDriver]   "firstMatch": [
2022-07-01 16:18:12:824 [BaseDriver]     {}
2022-07-01 16:18:12:824 [BaseDriver]   ]
2022-07-01 16:18:12:824 [BaseDriver] }
2022-07-01 16:18:12:826 [BaseDriver] Number capability passed in as string. Functionality may be compromised.
2022-07-01 16:18:12:826 [BaseDriver] Number capability passed in as string. Functionality may be compromised.
2022-07-01 16:18:12:826 [BaseDriver] Number capability passed in as string. Functionality may be compromised.
2022-07-01 16:18:12:827 [BaseDriver] Number capability passed in as string. Functionality may be compromised.
2022-07-01 16:18:12:828 [BaseDriver] Capability 'useNewWDA' changed from string to boolean. This may cause unexpected behavior
2022-07-01 16:18:12:828 [BaseDriver] Capability 'includeSafariInWebviews' changed from string to boolean. This may cause unexpected behavior
2022-07-01 16:18:12:828 [BaseDriver] Capability 'newCommandTimeout' changed from string ('90') to integer (90). This may cause unexpected behavior
2022-07-01 16:18:12:828 [BaseDriver] Capability 'webkitDebugProxyPort' changed from string ('10001') to integer (10001). This may cause unexpected behavior
2022-07-01 16:18:12:828 [BaseDriver] Capability 'wdaLocalPort' changed from string ('8001') to integer (8001). This may cause unexpected behavior
2022-07-01 16:18:12:828 [BaseDriver] Capability 'webviewConnectTimeout' changed from string ('5000') to integer (5000). This may cause unexpected behavior
2022-07-01 16:18:12:831 [XCUITest] 'platformVersion' capability ('undefined') is not a valid version number. Consider fixing it or be ready to experience an inconsistent driver behavior.
2022-07-01 16:18:12:831 [BaseDriver] Session created with session id: dec61d27-66a4-4d07-a4dc-98e6ba0ad154
2022-07-01 16:18:12:848 [XCUITest] Current user: 'bambadia'
2022-07-01 16:18:12:858 [XCUITest] Available devices: 00008110-0006409C3482801E, eb7696dfde984d2803f14b74276838381e7d96cd
2022-07-01 16:18:12:858 [XCUITest] Creating iDevice object with udid 'eb7696dfde984d2803f14b74276838381e7d96cd'
2022-07-01 16:18:12:858 [XCUITest] Determining device to run tests on: udid: 'eb7696dfde984d2803f14b74276838381e7d96cd', real device: true
2022-07-01 16:18:12:918 [XCUITest] No platformVersion specified. Using device version: '15.4.1'
2022-07-01 16:18:12:919 [XCUITest] Normalized platformVersion capability value '15.4.1' to '15.4'
2022-07-01 16:18:12:971 [BaseDriver] Event 'xcodeDetailsRetrieved' logged at 1656692292970 (18:18:12 GMT+0200 (heure d’été d’Europe centrale))
2022-07-01 16:18:12:972 [BaseDriver] Using local app '/Users/bambadia/IdeaProjects/CucumberFramework/target/test-classes/apps/smi.app'
2022-07-01 16:18:12:973 [BaseDriver] Event 'appConfigured' logged at 1656692292972 (18:18:12 GMT+0200 (heure d’été d’Europe centrale))
2022-07-01 16:18:12:973 [XCUITest] Checking whether app '/Users/bambadia/IdeaProjects/CucumberFramework/target/test-classes/apps/smi.app' is actually present on file system
2022-07-01 16:18:12:973 [XCUITest] App is present
2022-07-01 16:18:12:975 [XCUITest] Getting bundle ID from app '/Users/bambadia/IdeaProjects/CucumberFramework/target/test-classes/apps/smi.app': 'com.auchan-mobile'
2022-07-01 16:18:12:975 [BaseDriver] Event 'resetStarted' logged at 1656692292975 (18:18:12 GMT+0200 (heure d’été d’Europe centrale))
2022-07-01 16:18:12:975 [XCUITest] Reset: running ios real device reset flow
2022-07-01 16:18:12:975 [BaseDriver] Event 'resetComplete' logged at 1656692292975 (18:18:12 GMT+0200 (heure d’été d’Europe centrale))
2022-07-01 16:18:12:976 [WebDriverAgent] Using WDA path: '/opt/homebrew/lib/node_modules/appium/node_modules/appium-webdriveragent'
2022-07-01 16:18:12:976 [WebDriverAgent] Using WDA agent: '/opt/homebrew/lib/node_modules/appium/node_modules/appium-webdriveragent/WebDriverAgent.xcodeproj'
2022-07-01 16:18:13:170 [XCUITest] Crash reports root '/Users/bambadia/Library/Logs/CrashReporter/MobileDevice/Iphone X' does not exist. Got nothing to gather.
2022-07-01 16:18:13:171 [BaseDriver] Event 'logCaptureStarted' logged at 1656692293171 (18:18:13 GMT+0200 (heure d’été d’Europe centrale))
2022-07-01 16:18:13:171 [XCUITest] Setting up real device
2022-07-01 16:18:13:171 [XCUITest] Verifying application platform
2022-07-01 16:18:13:173 [XCUITest] CFBundleSupportedPlatforms: ["iPhoneOS"]
2022-07-01 16:18:13:345 [XCUITest] Reset requested. Removing app with id 'com.auchan-mobile' from the device
2022-07-01 16:18:13:812 [XCUITest] Installing '/Users/bambadia/IdeaProjects/CucumberFramework/target/test-classes/apps/smi.app' on device with UUID 'eb7696dfde984d2803f14b74276838381e7d96cd'...
2022-07-01 16:18:13:812 [XCUITest] Using 'serial' app deployment strategy. You could change it by providing another value to the 'appInstallStrategy' capability
2022-07-01 16:18:13:930 [XCUITest] Getting bundle ID from app '/Users/bambadia/IdeaProjects/CucumberFramework/target/test-classes/apps/smi.app': 'com.auchan-mobile'
2022-07-01 16:18:14:059 [XCUITest] Successfully scanned the tree structure of '/Users/bambadia/IdeaProjects/CucumberFramework/target/test-classes/apps/smi.app'
2022-07-01 16:18:14:065 [XCUITest] Got 359 folders and 1399 files to push
2022-07-01 16:18:14:373 [XCUITest] Successfully created the remote folder structure (360 items)
2022-07-01 16:18:14:373 [XCUITest] Proceeding to serial files push
2022-07-01 16:18:17:542 [WebDriverAgent] Parsed BUILD_DIR configuration value: '/Users/bambadia/Library/Developer/Xcode/DerivedData/WebDriverAgent-fxmsedpwfaalxlbcwefbceeuodem/Build/Products'
2022-07-01 16:18:17:542 [WebDriverAgent] Got derived data root: '/Users/bambadia/Library/Developer/Xcode/DerivedData/WebDriverAgent-fxmsedpwfaalxlbcwefbceeuodem'
2022-07-01 16:18:36:637 [XCUITest] Successfully pushed 359 folders and 1399 files within 22701ms
2022-07-01 16:18:37:084 [XCUITest] A new application installation is going to be performed
2022-07-01 16:18:40:350 [XCUITest] App installation succeeded after 26536ms
2022-07-01 16:18:40:351 [XCUITest] The app has been installed successfully.
2022-07-01 16:18:40:352 [BaseDriver] Event 'appInstalled' logged at 1656692320351 (18:18:40 GMT+0200 (heure d’été d’Europe centrale))
2022-07-01 16:18:40:434 [WebDriverAgent] No obsolete cached processes from previous WDA sessions listening on port 8001 have been found
2022-07-01 16:18:40:434 [DevCon Factory] Requesting connection for device eb7696dfde984d2803f14b74276838381e7d96cd on local port 8001, device port 8001
2022-07-01 16:18:40:435 [DevCon Factory] Cached connections count: 0
2022-07-01 16:18:40:444 [DevCon Factory] Successfully requested the connection for eb7696dfde984d2803f14b74276838381e7d96cd:8001
2022-07-01 16:18:40:451 [XCUITest] Starting WebDriverAgent initialization with the synchronization key 'XCUITestDriver'
2022-07-01 16:18:40:454 [WD Proxy] Matched '/status' to command name 'getStatus'
2022-07-01 16:18:40:454 [WD Proxy] Proxying [GET /status] to [GET http://127.0.0.1:8001/status] with no body
2022-07-01 16:18:40:490 [WD Proxy] Got response with status 200: {"value":{"message":"WebDriverAgent is ready to accept commands","state":"success","os":{"testmanagerdVersion":28,"name":"iOS","sdkVersion":"15.4","version":"15.4.1"},"ios":{"ip":"169.254.61.161"},"ready":true,"build":{"upgradedAt":"499162500000","time":"Jun 22 2022 15:44:20","productBundleIdentifier":"com.facebook.WebDriverAgentRunner"}},"sessionId":null}
2022-07-01 16:18:40:492 [WebDriverAgent] Upgrade timestamp of the currently bundled WDA: 499162500000
2022-07-01 16:18:40:492 [WebDriverAgent] Upgrade timestamp of the WDA on the device: 499162500000
2022-07-01 16:18:40:492 [WebDriverAgent] Will reuse previously cached WDA instance at 'http://127.0.0.1:8001/' with 'com.facebook.WebDriverAgentRunner'. Set the wdaLocalPort capability to a value different from 8001 if this is an undesired behavior.
2022-07-01 16:18:40:492 [XCUITest] Trying to start WebDriverAgent 1 times with 10000ms interval
2022-07-01 16:18:40:492 [XCUITest] These values can be customized by changing wdaStartupRetries/wdaStartupRetryInterval capabilities
2022-07-01 16:18:40:492 [BaseDriver] Event 'wdaStartAttempted' logged at 1656692320492 (18:18:40 GMT+0200 (heure d’été d’Europe centrale))
2022-07-01 16:18:40:493 [WebDriverAgent] Using provided WebdriverAgent at 'http://127.0.0.1:8001/'
2022-07-01 16:18:40:493 [WD Proxy] Matched '/status' to command name 'getStatus'
2022-07-01 16:18:40:494 [WD Proxy] Proxying [GET /status] to [GET http://127.0.0.1:8001/status] with no body
2022-07-01 16:18:40:503 [WD Proxy] Got response with status 200: {"value":{"message":"WebDriverAgent is ready to accept commands","state":"success","os":{"testmanagerdVersion":28,"name":"iOS","sdkVersion":"15.4","version":"15.4.1"},"ios":{"ip":"169.254.61.161"},"ready":true,"build":{"upgradedAt":"499162500000","time":"Jun 22 2022 15:44:20","productBundleIdentifier":"com.facebook.WebDriverAgentRunner"}},"sessionId":null}
2022-07-01 16:18:40:504 [BaseDriver] Event 'wdaSessionAttempted' logged at 1656692320504 (18:18:40 GMT+0200 (heure d’été d’Europe centrale))
2022-07-01 16:18:40:504 [XCUITest] Sending createSession command to WDA
2022-07-01 16:18:40:505 [WD Proxy] Matched '/session' to command name 'createSession'
2022-07-01 16:18:40:506 [WD Proxy] Proxying [POST /session] to [POST http://127.0.0.1:8001/session] with body: {"capabilities":{"firstMatch":[{"bundleId":"com.auchan-mobile","arguments":[],"environment":{},"eventloopIdleDelaySec":0,"shouldWaitForQuiescence":true,"shouldUseTestManagerForVisibilityDetection":false,"maxTypingFrequency":60,"shouldUseSingletonTestManager":true,"shouldTerminateApp":true,"forceAppLaunch":true,"useNativeCachingStrategy":true,"forceSimulatorSoftwareKeyboardPresence":true}],"alwaysMatch":{}}}
2022-07-01 16:18:43:572 [WD Proxy] Got response with status 200: {"value":{"sessionId":"136979E2-FB3B-41B9-8060-CE2031950444","capabilities":{"device":"iphone","browserName":"Auchan","sdkVersion":"15.4.1","CFBundleIdentifier":"com.auchan-mobile"}},"sessionId":"136979E2-FB3B-41B9-8060-CE2031950444"}
2022-07-01 16:18:43:573 [WD Proxy] Determined the downstream protocol as 'W3C'
2022-07-01 16:18:43:574 [BaseDriver] Event 'wdaSessionStarted' logged at 1656692323574 (18:18:43 GMT+0200 (heure d’été d’Europe centrale))
2022-07-01 16:18:43:575 [BaseDriver] Event 'wdaStarted' logged at 1656692323574 (18:18:43 GMT+0200 (heure d’été d’Europe centrale))
2022-07-01 16:18:43:575 [XCUITest] Skipping setting of the initial display orientation. Set the "orientation" capability to either "LANDSCAPE" or "PORTRAIT", if this is an undesired behavior.
2022-07-01 16:18:43:575 [BaseDriver] Event 'orientationSet' logged at 1656692323575 (18:18:43 GMT+0200 (heure d’été d’Europe centrale))
2022-07-01 16:18:43:576 [BaseDriver] The value of 'elementResponseAttributes' setting did not change. Skipping the update for it
2022-07-01 16:18:43:576 [BaseDriver] The value of 'shouldUseCompactResponses' setting did not change. Skipping the update for it
2022-07-01 16:18:43:577 [Appium] New XCUITestDriver session created successfully, session dec61d27-66a4-4d07-a4dc-98e6ba0ad154 added to master session list
2022-07-01 16:18:43:582 [BaseDriver] Event 'newSessionStarted' logged at 1656692323581 (18:18:43 GMT+0200 (heure d’été d’Europe centrale))
2022-07-01 16:18:43:584 [W3C (dec61d27)] Cached the protocol value 'W3C' for the new session dec61d27-66a4-4d07-a4dc-98e6ba0ad154
2022-07-01 16:18:43:585 [W3C (dec61d27)] Responding to client with driver.createSession() result: {"capabilities":{"webStorageEnabled":false,"locationContextEnabled":false,"browserName":"","platform":"MAC","javascriptEnabled":true,"databaseEnabled":false,"takesScreenshot":true,"networkConnectionEnabled":false,"platformName":"ios","app":"/Users/bambadia/IdeaProjects/CucumberFramework/target/test-classes/apps/smi.app","automationName":"XCUITEST","deviceName":"Iphone X","includeSafariInWebviews":true,"newCommandTimeout":90,"udid":"eb7696dfde984d2803f14b74276838381e7d96cd","useNewWDA":false,"wdaLocalPort":8001,"webkitDebugProxyPort":10001,"webviewConnectTimeout":5000}}
2022-07-01 16:18:43:593 [HTTP] <-- POST /wd/hub/session 200 30979 ms - 636
2022-07-01 16:18:43:593 [HTTP] 
2022-07-01 16:18:43:891 [HTTP] --> GET /wd/hub/session/dec61d27-66a4-4d07-a4dc-98e6ba0ad154/context
2022-07-01 16:18:43:891 [HTTP] {}
2022-07-01 16:18:43:896 [W3C (dec61d27)] Calling AppiumDriver.getCurrentContext() with args: ["dec61d27-66a4-4d07-a4dc-98e6ba0ad154"]
2022-07-01 16:18:43:897 [XCUITest] Executing command 'getCurrentContext'
2022-07-01 16:18:43:897 [W3C (dec61d27)] Responding to client with driver.getCurrentContext() result: "NATIVE_APP"
2022-07-01 16:18:43:899 [HTTP] <-- GET /wd/hub/session/dec61d27-66a4-4d07-a4dc-98e6ba0ad154/context 200 8 ms - 22
2022-07-01 16:18:43:899 [HTTP] 
2022-07-01 16:18:43:916 [HTTP] --> POST /wd/hub/session/dec61d27-66a4-4d07-a4dc-98e6ba0ad154/element
2022-07-01 16:18:43:916 [HTTP] {"using":"accessibility id","value":"suggestedContinue"}
2022-07-01 16:18:43:920 [W3C (dec61d27)] Calling AppiumDriver.findElement() with args: ["accessibility id","suggestedContinue","dec61d27-66a4-4d07-a4dc-98e6ba0ad154"]
2022-07-01 16:18:43:921 [XCUITest] Executing command 'findElement'
2022-07-01 16:18:43:921 [BaseDriver] Valid locator strategies for this request: xpath, id, name, class name, -ios predicate string, -ios class chain, accessibility id, css selector
2022-07-01 16:18:43:921 [BaseDriver] Waiting up to 0 ms for condition
2022-07-01 16:18:43:929 [WD Proxy] Matched '/element' to command name 'findElement'
2022-07-01 16:18:43:929 [WD Proxy] Proxying [POST /element] to [POST http://127.0.0.1:8001/session/136979E2-FB3B-41B9-8060-CE2031950444/element] with body: {"using":"accessibility id","value":"suggestedContinue"}
2022-07-01 16:18:44:104 [WD Proxy] Got response with status 200: {"value":{"ELEMENT":"11000000-0000-0000-4A0B-000000000000","element-6066-11e4-a52e-4f735466cecf":"11000000-0000-0000-4A0B-000000000000"},"sessionId":"136979E2-FB3B-41B9-8060-CE2031950444"}
2022-07-01 16:18:44:106 [W3C (dec61d27)] Responding to client with driver.findElement() result: {"element-6066-11e4-a52e-4f735466cecf":"11000000-0000-0000-4A0B-000000000000","ELEMENT":"11000000-0000-0000-4A0B-000000000000"}
2022-07-01 16:18:44:107 [HTTP] <-- POST /wd/hub/session/dec61d27-66a4-4d07-a4dc-98e6ba0ad154/element 200 191 ms - 137
2022-07-01 16:18:44:107 [HTTP] 
2022-07-01 16:18:44:116 [HTTP] --> GET /wd/hub/session/dec61d27-66a4-4d07-a4dc-98e6ba0ad154/element/11000000-0000-0000-4A0B-000000000000/displayed
2022-07-01 16:18:44:116 [HTTP] {}
2022-07-01 16:18:44:122 [W3C (dec61d27)] Driver proxy active, passing request on via HTTP proxy
2022-07-01 16:18:44:123 [XCUITest] Executing command 'proxyReqRes'
2022-07-01 16:18:44:128 [WD Proxy] Matched '/wd/hub/session/dec61d27-66a4-4d07-a4dc-98e6ba0ad154/element/11000000-0000-0000-4A0B-000000000000/displayed' to command name 'elementDisplayed'
2022-07-01 16:18:44:129 [WD Proxy] Proxying [GET /wd/hub/session/dec61d27-66a4-4d07-a4dc-98e6ba0ad154/element/11000000-0000-0000-4A0B-000000000000/displayed] to [GET http://127.0.0.1:8001/session/136979E2-FB3B-41B9-8060-CE2031950444/element/11000000-0000-0000-4A0B-000000000000/displayed] with no body
2022-07-01 16:18:44:220 [WD Proxy] Got response with status 200: {"value":true,"sessionId":"136979E2-FB3B-41B9-8060-CE2031950444"}
2022-07-01 16:18:44:220 [WD Proxy] Replacing sessionId 136979E2-FB3B-41B9-8060-CE2031950444 with dec61d27-66a4-4d07-a4dc-98e6ba0ad154
2022-07-01 16:18:44:221 [HTTP] <-- GET /wd/hub/session/dec61d27-66a4-4d07-a4dc-98e6ba0ad154/element/11000000-0000-0000-4A0B-000000000000/displayed 200 104 ms - 65
2022-07-01 16:18:44:221 [HTTP] 
2022-07-01 16:18:44:230 [HTTP] --> GET /wd/hub/session/dec61d27-66a4-4d07-a4dc-98e6ba0ad154/element/11000000-0000-0000-4A0B-000000000000/enabled
2022-07-01 16:18:44:230 [HTTP] {}
2022-07-01 16:18:44:233 [W3C (dec61d27)] Driver proxy active, passing request on via HTTP proxy
2022-07-01 16:18:44:233 [XCUITest] Executing command 'proxyReqRes'
2022-07-01 16:18:44:236 [WD Proxy] Matched '/wd/hub/session/dec61d27-66a4-4d07-a4dc-98e6ba0ad154/element/11000000-0000-0000-4A0B-000000000000/enabled' to command name 'elementEnabled'
2022-07-01 16:18:44:236 [WD Proxy] Proxying [GET /wd/hub/session/dec61d27-66a4-4d07-a4dc-98e6ba0ad154/element/11000000-0000-0000-4A0B-000000000000/enabled] to [GET http://127.0.0.1:8001/session/136979E2-FB3B-41B9-8060-CE2031950444/element/11000000-0000-0000-4A0B-000000000000/enabled] with no body
2022-07-01 16:18:44:317 [WD Proxy] Got response with status 200: {"value":true,"sessionId":"136979E2-FB3B-41B9-8060-CE2031950444"}
2022-07-01 16:18:44:318 [WD Proxy] Replacing sessionId 136979E2-FB3B-41B9-8060-CE2031950444 with dec61d27-66a4-4d07-a4dc-98e6ba0ad154
2022-07-01 16:18:44:319 [HTTP] <-- GET /wd/hub/session/dec61d27-66a4-4d07-a4dc-98e6ba0ad154/element/11000000-0000-0000-4A0B-000000000000/enabled 200 89 ms - 65
2022-07-01 16:18:44:319 [HTTP] 
2022-07-01 16:18:44:329 [HTTP] --> POST /wd/hub/session/dec61d27-66a4-4d07-a4dc-98e6ba0ad154/element/11000000-0000-0000-4A0B-000000000000/click
2022-07-01 16:18:44:329 [HTTP] {"id":"11000000-0000-0000-4A0B-000000000000"}
2022-07-01 16:18:44:330 [W3C (dec61d27)] Driver proxy active, passing request on via HTTP proxy
2022-07-01 16:18:44:330 [XCUITest] Executing command 'proxyReqRes'
2022-07-01 16:18:44:332 [WD Proxy] Matched '/wd/hub/session/dec61d27-66a4-4d07-a4dc-98e6ba0ad154/element/11000000-0000-0000-4A0B-000000000000/click' to command name 'click'
2022-07-01 16:18:44:333 [WD Proxy] Proxying [POST /wd/hub/session/dec61d27-66a4-4d07-a4dc-98e6ba0ad154/element/11000000-0000-0000-4A0B-000000000000/click] to [POST http://127.0.0.1:8001/session/136979E2-FB3B-41B9-8060-CE2031950444/element/11000000-0000-0000-4A0B-000000000000/click] with body: {"id":"11000000-0000-0000-4A0B-000000000000"}
2022-07-01 16:18:44:597 [WD Proxy] Got response with status 200: {"value":null,"sessionId":"136979E2-FB3B-41B9-8060-CE2031950444"}
2022-07-01 16:18:44:597 [WD Proxy] Replacing sessionId 136979E2-FB3B-41B9-8060-CE2031950444 with dec61d27-66a4-4d07-a4dc-98e6ba0ad154
2022-07-01 16:18:44:598 [HTTP] <-- POST /wd/hub/session/dec61d27-66a4-4d07-a4dc-98e6ba0ad154/element/11000000-0000-0000-4A0B-000000000000/click 200 269 ms - 65
2022-07-01 16:18:44:598 [HTTP] 
2022-07-01 16:18:44:612 [HTTP] --> DELETE /wd/hub/session/dec61d27-66a4-4d07-a4dc-98e6ba0ad154
2022-07-01 16:18:44:612 [HTTP] {}
2022-07-01 16:18:44:612 [W3C (dec61d27)] Calling AppiumDriver.deleteSession() with args: ["dec61d27-66a4-4d07-a4dc-98e6ba0ad154"]
2022-07-01 16:18:44:612 [BaseDriver] Event 'quitSessionRequested' logged at 1656692324612 (18:18:44 GMT+0200 (heure d’été d’Europe centrale))
2022-07-01 16:18:44:613 [Appium] Removing session dec61d27-66a4-4d07-a4dc-98e6ba0ad154 from our master session list
2022-07-01 16:18:44:614 [WD Proxy] Matched '/session/dec61d27-66a4-4d07-a4dc-98e6ba0ad154' to command name 'deleteSession'
2022-07-01 16:18:44:614 [WD Proxy] Proxying [DELETE /session/dec61d27-66a4-4d07-a4dc-98e6ba0ad154] to [DELETE http://127.0.0.1:8001/session/136979E2-FB3B-41B9-8060-CE2031950444] with no body
2022-07-01 16:18:45:661 [WD Proxy] Got response with status 200: {"value":null,"sessionId":null}
2022-07-01 16:18:45:662 [DevCon Factory] Releasing connections for eb7696dfde984d2803f14b74276838381e7d96cd device on any port number
2022-07-01 16:18:45:663 [DevCon Factory] Found cached connections to release: ["eb7696dfde984d2803f14b74276838381e7d96cd:8001"]
2022-07-01 16:18:45:663 [DevCon Factory] Releasing the listener for 'eb7696dfde984d2803f14b74276838381e7d96cd:8001'
2022-07-01 16:18:45:664 [iProxy@eb7696df:8001] Closing the connection
2022-07-01 16:18:45:664 [DevCon Factory] Cached connections count: 0
2022-07-01 16:18:45:664 [XCUITest] Not clearing log files. Use `clearSystemFiles` capability to turn on.
2022-07-01 16:18:45:666 [BaseDriver] Event 'quitSessionFinished' logged at 1656692325666 (18:18:45 GMT+0200 (heure d’été d’Europe centrale))
2022-07-01 16:18:45:666 [W3C (dec61d27)] Received response: null
2022-07-01 16:18:45:666 [W3C (dec61d27)] But deleting session, so not returning
2022-07-01 16:18:45:666 [W3C (dec61d27)] Responding to client with driver.deleteSession() result: null
2022-07-01 16:18:45:667 [HTTP] <-- DELETE /wd/hub/session/dec61d27-66a4-4d07-a4dc-98e6ba0ad154 200 1055 ms - 14
2022-07-01 16:18:45:668 [HTTP] 
2022-07-01 16:18:45:757 [HTTP] Request idempotency key: 83832c00-0d63-4634-b326-491fd2571934
2022-07-01 16:18:45:758 [HTTP] --> POST /wd/hub/session
2022-07-01 16:18:45:758 [HTTP] {"capabilities":{"firstMatch":[{}],"alwaysMatch":{"appium:app":"/Users/bambadia/IdeaProjects/CucumberFramework/target/test-classes/apps/smi.app","appium:automationName":"XCUITEST","appium:deviceName":"Iphone X","appium:includeSafariInWebviews":"true","appium:newCommandTimeout":"90","appium:udid":"eb7696dfde984d2803f14b74276838381e7d96cd","appium:useNewWDA":"false","appium:wdaLocalPort":"8001","appium:webkitDebugProxyPort":"10001","appium:webviewConnectTimeout":"5000","platformName":"ios"}}}
2022-07-01 16:18:45:758 [W3C] Calling AppiumDriver.createSession() with args: [null,null,{"firstMatch":[{}],"alwaysMatch":{"appium:app":"/Users/bambadia/IdeaProjects/CucumberFramework/target/test-classes/apps/smi.app","appium:automationName":"XCUITEST","appium:deviceName":"Iphone X","appium:includeSafariInWebviews":"true","appium:newCommandTimeout":"90","appium:udid":"eb7696dfde984d2803f14b74276838381e7d96cd","appium:useNewWDA":"false","appium:wdaLocalPort":"8001","appium:webkitDebugProxyPort":"10001","appium:webviewConnectTimeout":"5000","platformName":"ios"}}]
2022-07-01 16:18:45:758 [BaseDriver] Event 'newSessionRequested' logged at 1656692325758 (18:18:45 GMT+0200 (heure d’été d’Europe centrale))
2022-07-01 16:18:45:761 [BaseDriver] Number capability passed in as string. Functionality may be compromised.
2022-07-01 16:18:45:762 [Appium] Appium v1.22.3 creating new XCUITestDriver (v3.59.0) session
2022-07-01 16:18:45:762 [Appium] There are no active sessions for cleanup
2022-07-01 16:18:45:763 [BaseDriver] Creating session with W3C capabilities: {
2022-07-01 16:18:45:763 [BaseDriver]   "alwaysMatch": {
2022-07-01 16:18:45:763 [BaseDriver]     "platformName": "ios",
2022-07-01 16:18:45:763 [BaseDriver]     "appium:app": "/Users/bambadia/IdeaProjects/CucumberFramework/target/test-classes/apps/smi.app",
2022-07-01 16:18:45:763 [BaseDriver]     "appium:automationName": "XCUITEST",
2022-07-01 16:18:45:763 [BaseDriver]     "appium:deviceName": "Iphone X",
2022-07-01 16:18:45:763 [BaseDriver]     "appium:includeSafariInWebviews": "true",
2022-07-01 16:18:45:763 [BaseDriver]     "appium:newCommandTimeout": "90",
2022-07-01 16:18:45:763 [BaseDriver]     "appium:udid": "eb7696dfde984d2803f14b74276838381e7d96cd",
2022-07-01 16:18:45:763 [BaseDriver]     "appium:useNewWDA": "false",
2022-07-01 16:18:45:763 [BaseDriver]     "appium:wdaLocalPort": "8001",
2022-07-01 16:18:45:763 [BaseDriver]     "appium:webkitDebugProxyPort": "10001",
2022-07-01 16:18:45:763 [BaseDriver]     "appium:webviewConnectTimeout": "5000"
2022-07-01 16:18:45:763 [BaseDriver]   },
2022-07-01 16:18:45:763 [BaseDriver]   "firstMatch": [
2022-07-01 16:18:45:763 [BaseDriver]     {}
2022-07-01 16:18:45:763 [BaseDriver]   ]
2022-07-01 16:18:45:763 [BaseDriver] }
2022-07-01 16:18:45:764 [BaseDriver] Number capability passed in as string. Functionality may be compromised.
2022-07-01 16:18:45:764 [BaseDriver] Number capability passed in as string. Functionality may be compromised.
2022-07-01 16:18:45:764 [BaseDriver] Number capability passed in as string. Functionality may be compromised.
2022-07-01 16:18:45:764 [BaseDriver] Number capability passed in as string. Functionality may be compromised.
2022-07-01 16:18:45:766 [BaseDriver] Capability 'useNewWDA' changed from string to boolean. This may cause unexpected behavior
2022-07-01 16:18:45:766 [BaseDriver] Capability 'includeSafariInWebviews' changed from string to boolean. This may cause unexpected behavior
2022-07-01 16:18:45:766 [BaseDriver] Capability 'newCommandTimeout' changed from string ('90') to integer (90). This may cause unexpected behavior
2022-07-01 16:18:45:766 [BaseDriver] Capability 'webkitDebugProxyPort' changed from string ('10001') to integer (10001). This may cause unexpected behavior
2022-07-01 16:18:45:766 [BaseDriver] Capability 'wdaLocalPort' changed from string ('8001') to integer (8001). This may cause unexpected behavior
2022-07-01 16:18:45:766 [BaseDriver] Capability 'webviewConnectTimeout' changed from string ('5000') to integer (5000). This may cause unexpected behavior
2022-07-01 16:18:45:768 [XCUITest] 'platformVersion' capability ('undefined') is not a valid version number. Consider fixing it or be ready to experience an inconsistent driver behavior.
2022-07-01 16:18:45:768 [BaseDriver] Session created with session id: aae717a2-3396-438e-a900-dce46d985d0b
2022-07-01 16:18:45:824 [XCUITest] Current user: 'bambadia'
2022-07-01 16:18:45:831 [XCUITest] Available devices: 00008110-0006409C3482801E, eb7696dfde984d2803f14b74276838381e7d96cd
2022-07-01 16:18:45:831 [XCUITest] Creating iDevice object with udid 'eb7696dfde984d2803f14b74276838381e7d96cd'
2022-07-01 16:18:45:831 [XCUITest] Determining device to run tests on: udid: 'eb7696dfde984d2803f14b74276838381e7d96cd', real device: true
2022-07-01 16:18:45:894 [XCUITest] No platformVersion specified. Using device version: '15.4.1'
2022-07-01 16:18:45:895 [XCUITest] Normalized platformVersion capability value '15.4.1' to '15.4'
2022-07-01 16:18:45:896 [BaseDriver] Event 'xcodeDetailsRetrieved' logged at 1656692325896 (18:18:45 GMT+0200 (heure d’été d’Europe centrale))
2022-07-01 16:18:45:897 [BaseDriver] Using local app '/Users/bambadia/IdeaProjects/CucumberFramework/target/test-classes/apps/smi.app'
2022-07-01 16:18:45:897 [BaseDriver] Event 'appConfigured' logged at 1656692325897 (18:18:45 GMT+0200 (heure d’été d’Europe centrale))
2022-07-01 16:18:45:897 [XCUITest] Checking whether app '/Users/bambadia/IdeaProjects/CucumberFramework/target/test-classes/apps/smi.app' is actually present on file system
2022-07-01 16:18:45:897 [XCUITest] App is present
2022-07-01 16:18:45:900 [XCUITest] Getting bundle ID from app '/Users/bambadia/IdeaProjects/CucumberFramework/target/test-classes/apps/smi.app': 'com.auchan-mobile'
2022-07-01 16:18:45:900 [BaseDriver] Event 'resetStarted' logged at 1656692325900 (18:18:45 GMT+0200 (heure d’été d’Europe centrale))
2022-07-01 16:18:45:900 [XCUITest] Reset: running ios real device reset flow
2022-07-01 16:18:45:900 [BaseDriver] Event 'resetComplete' logged at 1656692325900 (18:18:45 GMT+0200 (heure d’été d’Europe centrale))
2022-07-01 16:18:45:900 [WebDriverAgent] Using WDA path: '/opt/homebrew/lib/node_modules/appium/node_modules/appium-webdriveragent'
2022-07-01 16:18:45:900 [WebDriverAgent] Using WDA agent: '/opt/homebrew/lib/node_modules/appium/node_modules/appium-webdriveragent/WebDriverAgent.xcodeproj'
2022-07-01 16:18:46:087 [XCUITest] Crash reports root '/Users/bambadia/Library/Logs/CrashReporter/MobileDevice/Iphone X' does not exist. Got nothing to gather.
2022-07-01 16:18:46:087 [BaseDriver] Event 'logCaptureStarted' logged at 1656692326087 (18:18:46 GMT+0200 (heure d’été d’Europe centrale))
2022-07-01 16:18:46:087 [XCUITest] Setting up real device
2022-07-01 16:18:46:087 [XCUITest] Verifying application platform
2022-07-01 16:18:46:088 [XCUITest] CFBundleSupportedPlatforms: ["iPhoneOS"]
2022-07-01 16:18:46:253 [XCUITest] Reset requested. Removing app with id 'com.auchan-mobile' from the device
2022-07-01 16:18:46:716 [XCUITest] Installing '/Users/bambadia/IdeaProjects/CucumberFramework/target/test-classes/apps/smi.app' on device with UUID 'eb7696dfde984d2803f14b74276838381e7d96cd'...
2022-07-01 16:18:46:716 [XCUITest] Using 'serial' app deployment strategy. You could change it by providing another value to the 'appInstallStrategy' capability
2022-07-01 16:18:46:826 [XCUITest] Getting bundle ID from app '/Users/bambadia/IdeaProjects/CucumberFramework/target/test-classes/apps/smi.app': 'com.auchan-mobile'
2022-07-01 16:18:46:931 [XCUITest] Successfully scanned the tree structure of '/Users/bambadia/IdeaProjects/CucumberFramework/target/test-classes/apps/smi.app'
2022-07-01 16:18:46:934 [XCUITest] Got 359 folders and 1399 files to push
2022-07-01 16:18:47:232 [XCUITest] Successfully created the remote folder structure (360 items)
2022-07-01 16:18:47:232 [XCUITest] Proceeding to serial files push
2022-07-01 16:18:47:667 [WebDriverAgent] Parsed BUILD_DIR configuration value: '/Users/bambadia/Library/Developer/Xcode/DerivedData/WebDriverAgent-fxmsedpwfaalxlbcwefbceeuodem/Build/Products'
2022-07-01 16:18:47:667 [WebDriverAgent] Got derived data root: '/Users/bambadia/Library/Developer/Xcode/DerivedData/WebDriverAgent-fxmsedpwfaalxlbcwefbceeuodem'
2022-07-01 16:19:14:906 [XCUITest] Successfully pushed 359 folders and 1399 files within 28075ms
2022-07-01 16:19:15:461 [XCUITest] A new application installation is going to be performed
2022-07-01 16:19:15:665 [iProxy@eb7696df:8001] The connection has been closed
2022-07-01 16:19:18:585 [XCUITest] App installation succeeded after 31868ms
2022-07-01 16:19:18:585 [XCUITest] The app has been installed successfully.
2022-07-01 16:19:18:586 [BaseDriver] Event 'appInstalled' logged at 1656692358585 (18:19:18 GMT+0200 (heure d’été d’Europe centrale))
2022-07-01 16:19:18:694 [WebDriverAgent] No obsolete cached processes from previous WDA sessions listening on port 8001 have been found
2022-07-01 16:19:18:694 [DevCon Factory] Requesting connection for device eb7696dfde984d2803f14b74276838381e7d96cd on local port 8001, device port 8001
2022-07-01 16:19:18:694 [DevCon Factory] Cached connections count: 0
2022-07-01 16:19:18:702 [DevCon Factory] Successfully requested the connection for eb7696dfde984d2803f14b74276838381e7d96cd:8001
2022-07-01 16:19:18:709 [XCUITest] Starting WebDriverAgent initialization with the synchronization key 'XCUITestDriver'
2022-07-01 16:19:18:711 [WD Proxy] Matched '/status' to command name 'getStatus'
2022-07-01 16:19:18:711 [WD Proxy] Proxying [GET /status] to [GET http://127.0.0.1:8001/status] with no body
2022-07-01 16:19:18:735 [WD Proxy] Got response with status 200: {"value":{"message":"WebDriverAgent is ready to accept commands","state":"success","os":{"testmanagerdVersion":28,"name":"iOS","sdkVersion":"15.4","version":"15.4.1"},"ios":{"ip":"169.254.61.161"},"ready":true,"build":{"upgradedAt":"499162500000","time":"Jun 22 2022 15:44:20","productBundleIdentifier":"com.facebook.WebDriverAgentRunner"}},"sessionId":null}
2022-07-01 16:19:18:736 [WebDriverAgent] Upgrade timestamp of the currently bundled WDA: 499162500000
2022-07-01 16:19:18:736 [WebDriverAgent] Upgrade timestamp of the WDA on the device: 499162500000
2022-07-01 16:19:18:736 [WebDriverAgent] Will reuse previously cached WDA instance at 'http://127.0.0.1:8001/' with 'com.facebook.WebDriverAgentRunner'. Set the wdaLocalPort capability to a value different from 8001 if this is an undesired behavior.
2022-07-01 16:19:18:737 [XCUITest] Trying to start WebDriverAgent 1 times with 10000ms interval
2022-07-01 16:19:18:737 [XCUITest] These values can be customized by changing wdaStartupRetries/wdaStartupRetryInterval capabilities
2022-07-01 16:19:18:737 [BaseDriver] Event 'wdaStartAttempted' logged at 1656692358737 (18:19:18 GMT+0200 (heure d’été d’Europe centrale))
2022-07-01 16:19:18:737 [WebDriverAgent] Using provided WebdriverAgent at 'http://127.0.0.1:8001/'
2022-07-01 16:19:18:737 [WD Proxy] Matched '/status' to command name 'getStatus'
2022-07-01 16:19:18:738 [WD Proxy] Proxying [GET /status] to [GET http://127.0.0.1:8001/status] with no body
2022-07-01 16:19:18:749 [WD Proxy] Got response with status 200: {"value":{"message":"WebDriverAgent is ready to accept commands","state":"success","os":{"testmanagerdVersion":28,"name":"iOS","sdkVersion":"15.4","version":"15.4.1"},"ios":{"ip":"169.254.61.161"},"ready":true,"build":{"upgradedAt":"499162500000","time":"Jun 22 2022 15:44:20","productBundleIdentifier":"com.facebook.WebDriverAgentRunner"}},"sessionId":null}
2022-07-01 16:19:18:749 [BaseDriver] Event 'wdaSessionAttempted' logged at 1656692358749 (18:19:18 GMT+0200 (heure d’été d’Europe centrale))
2022-07-01 16:19:18:749 [XCUITest] Sending createSession command to WDA
2022-07-01 16:19:18:750 [WD Proxy] Matched '/session' to command name 'createSession'
2022-07-01 16:19:18:751 [WD Proxy] Proxying [POST /session] to [POST http://127.0.0.1:8001/session] with body: {"capabilities":{"firstMatch":[{"bundleId":"com.auchan-mobile","arguments":[],"environment":{},"eventloopIdleDelaySec":0,"shouldWaitForQuiescence":true,"shouldUseTestManagerForVisibilityDetection":false,"maxTypingFrequency":60,"shouldUseSingletonTestManager":true,"shouldTerminateApp":true,"forceAppLaunch":true,"useNativeCachingStrategy":true,"forceSimulatorSoftwareKeyboardPresence":true}],"alwaysMatch":{}}}
2022-07-01 16:19:21:845 [WD Proxy] Got response with status 200: {"value":{"sessionId":"B7595F08-4D09-4FB3-B816-A4BA1DC97C0D","capabilities":{"device":"iphone","browserName":"Auchan","sdkVersion":"15.4.1","CFBundleIdentifier":"com.auchan-mobile"}},"sessionId":"B7595F08-4D09-4FB3-B816-A4BA1DC97C0D"}
2022-07-01 16:19:21:847 [WD Proxy] Determined the downstream protocol as 'W3C'
2022-07-01 16:19:21:849 [BaseDriver] Event 'wdaSessionStarted' logged at 1656692361847 (18:19:21 GMT+0200 (heure d’été d’Europe centrale))
2022-07-01 16:19:21:849 [BaseDriver] Event 'wdaStarted' logged at 1656692361849 (18:19:21 GMT+0200 (heure d’été d’Europe centrale))
2022-07-01 16:19:21:849 [XCUITest] Skipping setting of the initial display orientation. Set the "orientation" capability to either "LANDSCAPE" or "PORTRAIT", if this is an undesired behavior.
2022-07-01 16:19:21:850 [BaseDriver] Event 'orientationSet' logged at 1656692361850 (18:19:21 GMT+0200 (heure d’été d’Europe centrale))
2022-07-01 16:19:21:850 [BaseDriver] The value of 'elementResponseAttributes' setting did not change. Skipping the update for it
2022-07-01 16:19:21:850 [BaseDriver] The value of 'shouldUseCompactResponses' setting did not change. Skipping the update for it
2022-07-01 16:19:21:851 [Appium] New XCUITestDriver session created successfully, session aae717a2-3396-438e-a900-dce46d985d0b added to master session list
2022-07-01 16:19:21:852 [BaseDriver] Event 'newSessionStarted' logged at 1656692361852 (18:19:21 GMT+0200 (heure d’été d’Europe centrale))
2022-07-01 16:19:21:853 [W3C (aae717a2)] Cached the protocol value 'W3C' for the new session aae717a2-3396-438e-a900-dce46d985d0b
2022-07-01 16:19:21:853 [W3C (aae717a2)] Responding to client with driver.createSession() result: {"capabilities":{"webStorageEnabled":false,"locationContextEnabled":false,"browserName":"","platform":"MAC","javascriptEnabled":true,"databaseEnabled":false,"takesScreenshot":true,"networkConnectionEnabled":false,"platformName":"ios","app":"/Users/bambadia/IdeaProjects/CucumberFramework/target/test-classes/apps/smi.app","automationName":"XCUITEST","deviceName":"Iphone X","includeSafariInWebviews":true,"newCommandTimeout":90,"udid":"eb7696dfde984d2803f14b74276838381e7d96cd","useNewWDA":false,"wdaLocalPort":8001,"webkitDebugProxyPort":10001,"webviewConnectTimeout":5000}}
2022-07-01 16:19:21:862 [HTTP] <-- POST /wd/hub/session 200 36100 ms - 636
2022-07-01 16:19:21:862 [HTTP] 
2022-07-01 16:19:21:910 [HTTP] --> GET /wd/hub/session/aae717a2-3396-438e-a900-dce46d985d0b/context
2022-07-01 16:19:21:910 [HTTP] {}
2022-07-01 16:19:21:921 [W3C (aae717a2)] Calling AppiumDriver.getCurrentContext() with args: ["aae717a2-3396-438e-a900-dce46d985d0b"]
2022-07-01 16:19:21:921 [XCUITest] Executing command 'getCurrentContext'
2022-07-01 16:19:21:923 [W3C (aae717a2)] Responding to client with driver.getCurrentContext() result: "NATIVE_APP"
2022-07-01 16:19:21:926 [HTTP] <-- GET /wd/hub/session/aae717a2-3396-438e-a900-dce46d985d0b/context 200 13 ms - 22
2022-07-01 16:19:21:926 [HTTP] 
2022-07-01 16:19:21:936 [HTTP] --> POST /wd/hub/session/aae717a2-3396-438e-a900-dce46d985d0b/element
2022-07-01 16:19:21:936 [HTTP] {"using":"accessibility id","value":"suggestedContinue"}
2022-07-01 16:19:21:939 [W3C (aae717a2)] Calling AppiumDriver.findElement() with args: ["accessibility id","suggestedContinue","aae717a2-3396-438e-a900-dce46d985d0b"]
2022-07-01 16:19:21:939 [XCUITest] Executing command 'findElement'
2022-07-01 16:19:21:939 [BaseDriver] Valid locator strategies for this request: xpath, id, name, class name, -ios predicate string, -ios class chain, accessibility id, css selector
2022-07-01 16:19:21:939 [BaseDriver] Waiting up to 0 ms for condition
2022-07-01 16:19:21:947 [WD Proxy] Matched '/element' to command name 'findElement'
2022-07-01 16:19:21:948 [WD Proxy] Proxying [POST /element] to [POST http://127.0.0.1:8001/session/B7595F08-4D09-4FB3-B816-A4BA1DC97C0D/element] with body: {"using":"accessibility id","value":"suggestedContinue"}
2022-07-01 16:19:22:095 [WD Proxy] Got response with status 200: {"value":{"ELEMENT":"0F000000-0000-0000-550B-000000000000","element-6066-11e4-a52e-4f735466cecf":"0F000000-0000-0000-550B-000000000000"},"sessionId":"B7595F08-4D09-4FB3-B816-A4BA1DC97C0D"}
2022-07-01 16:19:22:096 [W3C (aae717a2)] Responding to client with driver.findElement() result: {"element-6066-11e4-a52e-4f735466cecf":"0F000000-0000-0000-550B-000000000000","ELEMENT":"0F000000-0000-0000-550B-000000000000"}
2022-07-01 16:19:22:096 [HTTP] <-- POST /wd/hub/session/aae717a2-3396-438e-a900-dce46d985d0b/element 200 161 ms - 137
2022-07-01 16:19:22:096 [HTTP] 
2022-07-01 16:19:22:103 [HTTP] --> GET /wd/hub/session/aae717a2-3396-438e-a900-dce46d985d0b/element/0F000000-0000-0000-550B-000000000000/displayed
2022-07-01 16:19:22:103 [HTTP] {}
2022-07-01 16:19:22:107 [W3C (aae717a2)] Driver proxy active, passing request on via HTTP proxy
2022-07-01 16:19:22:107 [XCUITest] Executing command 'proxyReqRes'
2022-07-01 16:19:22:112 [WD Proxy] Matched '/wd/hub/session/aae717a2-3396-438e-a900-dce46d985d0b/element/0F000000-0000-0000-550B-000000000000/displayed' to command name 'elementDisplayed'
2022-07-01 16:19:22:113 [WD Proxy] Proxying [GET /wd/hub/session/aae717a2-3396-438e-a900-dce46d985d0b/element/0F000000-0000-0000-550B-000000000000/displayed] to [GET http://127.0.0.1:8001/session/B7595F08-4D09-4FB3-B816-A4BA1DC97C0D/element/0F000000-0000-0000-550B-000000000000/displayed] with no body
2022-07-01 16:19:22:190 [WD Proxy] Got response with status 200: {"value":true,"sessionId":"B7595F08-4D09-4FB3-B816-A4BA1DC97C0D"}
2022-07-01 16:19:22:190 [WD Proxy] Replacing sessionId B7595F08-4D09-4FB3-B816-A4BA1DC97C0D with aae717a2-3396-438e-a900-dce46d985d0b
2022-07-01 16:19:22:191 [HTTP] <-- GET /wd/hub/session/aae717a2-3396-438e-a900-dce46d985d0b/element/0F000000-0000-0000-550B-000000000000/displayed 200 87 ms - 65
2022-07-01 16:19:22:191 [HTTP] 
2022-07-01 16:19:22:196 [HTTP] --> GET /wd/hub/session/aae717a2-3396-438e-a900-dce46d985d0b/element/0F000000-0000-0000-550B-000000000000/enabled
2022-07-01 16:19:22:196 [HTTP] {}
2022-07-01 16:19:22:196 [W3C (aae717a2)] Driver proxy active, passing request on via HTTP proxy
2022-07-01 16:19:22:196 [XCUITest] Executing command 'proxyReqRes'
2022-07-01 16:19:22:199 [WD Proxy] Matched '/wd/hub/session/aae717a2-3396-438e-a900-dce46d985d0b/element/0F000000-0000-0000-550B-000000000000/enabled' to command name 'elementEnabled'
2022-07-01 16:19:22:199 [WD Proxy] Proxying [GET /wd/hub/session/aae717a2-3396-438e-a900-dce46d985d0b/element/0F000000-0000-0000-550B-000000000000/enabled] to [GET http://127.0.0.1:8001/session/B7595F08-4D09-4FB3-B816-A4BA1DC97C0D/element/0F000000-0000-0000-550B-000000000000/enabled] with no body
2022-07-01 16:19:22:252 [WD Proxy] Got response with status 200: {"value":true,"sessionId":"B7595F08-4D09-4FB3-B816-A4BA1DC97C0D"}
2022-07-01 16:19:22:253 [WD Proxy] Replacing sessionId B7595F08-4D09-4FB3-B816-A4BA1DC97C0D with aae717a2-3396-438e-a900-dce46d985d0b
2022-07-01 16:19:22:255 [HTTP] <-- GET /wd/hub/session/aae717a2-3396-438e-a900-dce46d985d0b/element/0F000000-0000-0000-550B-000000000000/enabled 200 58 ms - 65
2022-07-01 16:19:22:255 [HTTP] 
2022-07-01 16:19:22:262 [HTTP] --> POST /wd/hub/session/aae717a2-3396-438e-a900-dce46d985d0b/element/0F000000-0000-0000-550B-000000000000/click
2022-07-01 16:19:22:262 [HTTP] {"id":"0F000000-0000-0000-550B-000000000000"}
2022-07-01 16:19:22:262 [W3C (aae717a2)] Driver proxy active, passing request on via HTTP proxy
2022-07-01 16:19:22:263 [XCUITest] Executing command 'proxyReqRes'
2022-07-01 16:19:22:265 [WD Proxy] Matched '/wd/hub/session/aae717a2-3396-438e-a900-dce46d985d0b/element/0F000000-0000-0000-550B-000000000000/click' to command name 'click'
2022-07-01 16:19:22:265 [WD Proxy] Proxying [POST /wd/hub/session/aae717a2-3396-438e-a900-dce46d985d0b/element/0F000000-0000-0000-550B-000000000000/click] to [POST http://127.0.0.1:8001/session/B7595F08-4D09-4FB3-B816-A4BA1DC97C0D/element/0F000000-0000-0000-550B-000000000000/click] with body: {"id":"0F000000-0000-0000-550B-000000000000"}
2022-07-01 16:19:22:543 [WD Proxy] Got response with status 200: {"value":null,"sessionId":"B7595F08-4D09-4FB3-B816-A4BA1DC97C0D"}
2022-07-01 16:19:22:543 [WD Proxy] Replacing sessionId B7595F08-4D09-4FB3-B816-A4BA1DC97C0D with aae717a2-3396-438e-a900-dce46d985d0b
2022-07-01 16:19:22:545 [HTTP] <-- POST /wd/hub/session/aae717a2-3396-438e-a900-dce46d985d0b/element/0F000000-0000-0000-550B-000000000000/click 200 282 ms - 65
2022-07-01 16:19:22:545 [HTTP] 
2022-07-01 16:19:22:557 [HTTP] --> DELETE /wd/hub/session/aae717a2-3396-438e-a900-dce46d985d0b
2022-07-01 16:19:22:557 [HTTP] {}
2022-07-01 16:19:22:557 [W3C (aae717a2)] Calling AppiumDriver.deleteSession() with args: ["aae717a2-3396-438e-a900-dce46d985d0b"]
2022-07-01 16:19:22:557 [BaseDriver] Event 'quitSessionRequested' logged at 1656692362557 (18:19:22 GMT+0200 (heure d’été d’Europe centrale))
2022-07-01 16:19:22:558 [Appium] Removing session aae717a2-3396-438e-a900-dce46d985d0b from our master session list
2022-07-01 16:19:22:559 [WD Proxy] Matched '/session/aae717a2-3396-438e-a900-dce46d985d0b' to command name 'deleteSession'
2022-07-01 16:19:22:560 [WD Proxy] Proxying [DELETE /session/aae717a2-3396-438e-a900-dce46d985d0b] to [DELETE http://127.0.0.1:8001/session/B7595F08-4D09-4FB3-B816-A4BA1DC97C0D] with no body
2022-07-01 16:19:23:599 [WD Proxy] Got response with status 200: {"value":null,"sessionId":null}
2022-07-01 16:19:23:600 [DevCon Factory] Releasing connections for eb7696dfde984d2803f14b74276838381e7d96cd device on any port number
2022-07-01 16:19:23:600 [DevCon Factory] Found cached connections to release: ["eb7696dfde984d2803f14b74276838381e7d96cd:8001"]
2022-07-01 16:19:23:600 [DevCon Factory] Releasing the listener for 'eb7696dfde984d2803f14b74276838381e7d96cd:8001'
2022-07-01 16:19:23:601 [iProxy@eb7696df:8001] Closing the connection
2022-07-01 16:19:23:601 [DevCon Factory] Cached connections count: 0
2022-07-01 16:19:23:601 [XCUITest] Not clearing log files. Use `clearSystemFiles` capability to turn on.
2022-07-01 16:19:23:604 [BaseDriver] Event 'quitSessionFinished' logged at 1656692363604 (18:19:23 GMT+0200 (heure d’été d’Europe centrale))
2022-07-01 16:19:23:605 [W3C (aae717a2)] Received response: null
2022-07-01 16:19:23:605 [W3C (aae717a2)] But deleting session, so not returning
2022-07-01 16:19:23:605 [W3C (aae717a2)] Responding to client with driver.deleteSession() result: null
2022-07-01 16:19:23:607 [HTTP] <-- DELETE /wd/hub/session/aae717a2-3396-438e-a900-dce46d985d0b 200 1049 ms - 14
2022-07-01 16:19:23:607 [HTTP] 
2022-07-01 16:19:23:635 [HTTP] --> GET /wd/hub/status
2022-07-01 16:19:23:636 [HTTP] {}
2022-07-01 16:19:23:636 [GENERIC] Calling AppiumDriver.getStatus() with args: []
2022-07-01 16:19:23:637 [GENERIC] Responding to client with driver.getStatus() result: {"build":{"version":"1.22.3"}}
2022-07-01 16:19:23:639 [HTTP] <-- GET /wd/hub/status 200 3 ms - 68
2022-07-01 16:19:23:640 [HTTP] 
2022-07-01 16:19:23:657 [Appium] Received SIGTERM - shutting down
2022-07-01 16:19:23:661 [Appium] There are no active sessions for cleanup
2022-07-01 16:19:23:670 uncaughtException: write EPIPE
Error: write EPIPE
    at afterWriteDispatched (internal/stream_base_commons.js:156:25)
    at writeGeneric (internal/stream_base_commons.js:147:3)
    at Socket._writeGeneric (net.js:785:11)
    at Socket._write (net.js:797:8)
    at writeOrBuffer (internal/streams/writable.js:358:12)
    at Socket.Writable.write (internal/streams/writable.js:303:10)
    at Console.log (/opt/homebrew/lib/node_modules/appium/node_modules/winston/lib/winston/transports/console.js:79:23)
    at Console._write (/opt/homebrew/lib/node_modules/appium/node_modules/winston-transport/index.js:103:17)
    at doWrite (/opt/homebrew/lib/node_modules/appium/node_modules/winston-transport/node_modules/readable-stream/lib/_stream_writable.js:428:64)
    at writeOrBuffer (/opt/homebrew/lib/node_modules/appium/node_modules/winston-transport/node_modules/readable-stream/lib/_stream_writable.js:417:5)
    at Console.Writable.write (/opt/homebrew/lib/node_modules/appium/node_modules/winston-transport/node_modules/readable-stream/lib/_stream_writable.js:334:11)
    at DerivedLogger.ondata (/opt/homebrew/lib/node_modules/appium/node_modules/readable-stream/lib/_stream_readable.js:681:20)
    at DerivedLogger.emit (events.js:327:22)
    at addChunk (/opt/homebrew/lib/node_modules/appium/node_modules/readable-stream/lib/_stream_readable.js:298:12)
    at readableAddChunk (/opt/homebrew/lib/node_modules/appium/node_modules/readable-stream/lib/_stream_readable.js:280:11)
    at DerivedLogger.Readable.push (/opt/homebrew/lib/node_modules/appium/node_modules/readable-stream/lib/_stream_readable.js:241:10)
2022-07-01 16:19:23:674 uncaughtException: write EPIPE
Error: write EPIPE
    at afterWriteDispatched (internal/stream_base_commons.js:156:25)
    at writeGeneric (internal/stream_base_commons.js:147:3)
    at Socket._writeGeneric (net.js:785:11)
    at Socket._write (net.js:797:8)
    at writeOrBuffer (internal/streams/writable.js:358:12)
    at Socket.Writable.write (internal/streams/writable.js:303:10)
    at Console.log (/opt/homebrew/lib/node_modules/appium/node_modules/winston/lib/winston/transports/console.js:51:25)
    at Console._write (/opt/homebrew/lib/node_modules/appium/node_modules/winston-transport/index.js:103:17)
    at doWrite (/opt/homebrew/lib/node_modules/appium/node_modules/winston-transport/node_modules/readable-stream/lib/_stream_writable.js:428:64)
    at writeOrBuffer (/opt/homebrew/lib/node_modules/appium/node_modules/winston-transport/node_modules/readable-stream/lib/_stream_writable.js:417:5)
    at Console.Writable.write (/opt/homebrew/lib/node_modules/appium/node_modules/winston-transport/node_modules/readable-stream/lib/_stream_writable.js:334:11)
    at DerivedLogger.ondata (/opt/homebrew/lib/node_modules/appium/node_modules/readable-stream/lib/_stream_readable.js:681:20)
    at DerivedLogger.emit (events.js:327:22)
    at addChunk (/opt/homebrew/lib/node_modules/appium/node_modules/readable-stream/lib/_stream_readable.js:298:12)
    at readableAddChunk (/opt/homebrew/lib/node_modules/appium/node_modules/readable-stream/lib/_stream_readable.js:280:11)
    at DerivedLogger.Readable.push (/opt/homebrew/lib/node_modules/appium/node_modules/readable-stream/lib/_stream_readable.js:241:10)
