2022-07-01 13:26:40:003 [Appium] Welcome to Appium v1.22.3
2022-07-01 13:26:40:003 [Appium] Non-default server args:
2022-07-01 13:26:40:004 [Appium]   port: 61443
2022-07-01 13:26:40:004 [Appium]   sessionOverride: true
2022-07-01 13:26:40:004 [Appium]   logFile: /Users/bambadia/IdeaProjects/CucumberFramework/ServerLogs/null/server.log
2022-07-01 13:26:40:017 [Appium] Appium REST http interface listener started on 0.0.0.0:61443
2022-07-01 13:26:40:353 [HTTP] --> GET /wd/hub/status
2022-07-01 13:26:40:353 [HTTP] {}
2022-07-01 13:26:40:356 [GENERIC] Calling AppiumDriver.getStatus() with args: []
2022-07-01 13:26:40:357 [GENERIC] Responding to client with driver.getStatus() result: {"build":{"version":"1.22.3"}}
2022-07-01 13:26:40:364 [HTTP] <-- GET /wd/hub/status 200 9 ms - 68
2022-07-01 13:26:40:364 [HTTP] 
2022-07-01 13:26:41:960 [HTTP] Request idempotency key: 945344b7-4e4d-4603-9e5b-3d41d46641a5
2022-07-01 13:26:41:969 [HTTP] --> POST /wd/hub/session
2022-07-01 13:26:41:970 [HTTP] {"capabilities":{"firstMatch":[{}],"alwaysMatch":{"appium:app":"/Users/bambadia/IdeaProjects/CucumberFramework/target/test-classes/apps/smi.app","appium:automationName":"XCUITEST","appium:deviceName":"iPhone 13 mini","appium:includeSafariInWebviews":"true","appium:newCommandTimeout":"90","appium:udid":"00008110-0006409C3482801E","appium:useNewWDA":"false","appium:wdaLocalPort":"8000","appium:webkitDebugProxyPort":"10001","appium:webviewConnectTimeout":"5000","platformName":"ios"}}}
2022-07-01 13:26:41:970 [W3C] Calling AppiumDriver.createSession() with args: [null,null,{"firstMatch":[{}],"alwaysMatch":{"appium:app":"/Users/bambadia/IdeaProjects/CucumberFramework/target/test-classes/apps/smi.app","appium:automationName":"XCUITEST","appium:deviceName":"iPhone 13 mini","appium:includeSafariInWebviews":"true","appium:newCommandTimeout":"90","appium:udid":"00008110-0006409C3482801E","appium:useNewWDA":"false","appium:wdaLocalPort":"8000","appium:webkitDebugProxyPort":"10001","appium:webviewConnectTimeout":"5000","platformName":"ios"}}]
2022-07-01 13:26:41:971 [BaseDriver] Event 'newSessionRequested' logged at 1656682001970 (15:26:41 GMT+0200 (heure d’été d’Europe centrale))
2022-07-01 13:26:41:973 [BaseDriver] Number capability passed in as string. Functionality may be compromised.
2022-07-01 13:26:42:176 [Appium] Appium v1.22.3 creating new XCUITestDriver (v3.59.0) session
2022-07-01 13:26:42:176 [Appium] There are no active sessions for cleanup
2022-07-01 13:26:42:177 [BaseDriver] Creating session with W3C capabilities: {
2022-07-01 13:26:42:177 [BaseDriver]   "alwaysMatch": {
2022-07-01 13:26:42:178 [BaseDriver]     "platformName": "ios",
2022-07-01 13:26:42:178 [BaseDriver]     "appium:app": "/Users/bambadia/IdeaProjects/CucumberFramework/target/test-classes/apps/smi.app",
2022-07-01 13:26:42:178 [BaseDriver]     "appium:automationName": "XCUITEST",
2022-07-01 13:26:42:178 [BaseDriver]     "appium:deviceName": "iPhone 13 mini",
2022-07-01 13:26:42:178 [BaseDriver]     "appium:includeSafariInWebviews": "true",
2022-07-01 13:26:42:178 [BaseDriver]     "appium:newCommandTimeout": "90",
2022-07-01 13:26:42:178 [BaseDriver]     "appium:udid": "00008110-0006409C3482801E",
2022-07-01 13:26:42:178 [BaseDriver]     "appium:useNewWDA": "false",
2022-07-01 13:26:42:178 [BaseDriver]     "appium:wdaLocalPort": "8000",
2022-07-01 13:26:42:178 [BaseDriver]     "appium:webkitDebugProxyPort": "10001",
2022-07-01 13:26:42:178 [BaseDriver]     "appium:webviewConnectTimeout": "5000"
2022-07-01 13:26:42:178 [BaseDriver]   },
2022-07-01 13:26:42:178 [BaseDriver]   "firstMatch": [
2022-07-01 13:26:42:178 [BaseDriver]     {}
2022-07-01 13:26:42:178 [BaseDriver]   ]
2022-07-01 13:26:42:178 [BaseDriver] }
2022-07-01 13:26:42:180 [BaseDriver] Number capability passed in as string. Functionality may be compromised.
2022-07-01 13:26:42:180 [BaseDriver] Number capability passed in as string. Functionality may be compromised.
2022-07-01 13:26:42:180 [BaseDriver] Number capability passed in as string. Functionality may be compromised.
2022-07-01 13:26:42:181 [BaseDriver] Number capability passed in as string. Functionality may be compromised.
2022-07-01 13:26:42:182 [BaseDriver] Capability 'useNewWDA' changed from string to boolean. This may cause unexpected behavior
2022-07-01 13:26:42:182 [BaseDriver] Capability 'includeSafariInWebviews' changed from string to boolean. This may cause unexpected behavior
2022-07-01 13:26:42:182 [BaseDriver] Capability 'newCommandTimeout' changed from string ('90') to integer (90). This may cause unexpected behavior
2022-07-01 13:26:42:182 [BaseDriver] Capability 'webkitDebugProxyPort' changed from string ('10001') to integer (10001). This may cause unexpected behavior
2022-07-01 13:26:42:182 [BaseDriver] Capability 'wdaLocalPort' changed from string ('8000') to integer (8000). This may cause unexpected behavior
2022-07-01 13:26:42:182 [BaseDriver] Capability 'webviewConnectTimeout' changed from string ('5000') to integer (5000). This may cause unexpected behavior
2022-07-01 13:26:42:184 [XCUITest] 'platformVersion' capability ('undefined') is not a valid version number. Consider fixing it or be ready to experience an inconsistent driver behavior.
2022-07-01 13:26:42:185 [BaseDriver] Session created with session id: 1489ceef-abeb-49b6-90df-45415659990f
2022-07-01 13:26:42:203 [XCUITest] Current user: 'bambadia'
2022-07-01 13:26:42:212 [XCUITest] Available devices: 00008110-0006409C3482801E, eb7696dfde984d2803f14b74276838381e7d96cd
2022-07-01 13:26:42:212 [XCUITest] Creating iDevice object with udid '00008110-0006409C3482801E'
2022-07-01 13:26:42:212 [XCUITest] Determining device to run tests on: udid: '00008110-0006409C3482801E', real device: true
2022-07-01 13:26:42:272 [XCUITest] No platformVersion specified. Using device version: '15.5'
2022-07-01 13:26:42:317 [BaseDriver] Event 'xcodeDetailsRetrieved' logged at 1656682002316 (15:26:42 GMT+0200 (heure d’été d’Europe centrale))
2022-07-01 13:26:42:318 [BaseDriver] Using local app '/Users/bambadia/IdeaProjects/CucumberFramework/target/test-classes/apps/smi.app'
2022-07-01 13:26:42:318 [BaseDriver] Event 'appConfigured' logged at 1656682002318 (15:26:42 GMT+0200 (heure d’été d’Europe centrale))
2022-07-01 13:26:42:318 [XCUITest] Checking whether app '/Users/bambadia/IdeaProjects/CucumberFramework/target/test-classes/apps/smi.app' is actually present on file system
2022-07-01 13:26:42:319 [XCUITest] App is present
2022-07-01 13:26:42:321 [XCUITest] Getting bundle ID from app '/Users/bambadia/IdeaProjects/CucumberFramework/target/test-classes/apps/smi.app': 'com.auchan-mobile'
2022-07-01 13:26:42:321 [BaseDriver] Event 'resetStarted' logged at 1656682002321 (15:26:42 GMT+0200 (heure d’été d’Europe centrale))
2022-07-01 13:26:42:321 [XCUITest] Reset: running ios real device reset flow
2022-07-01 13:26:42:321 [BaseDriver] Event 'resetComplete' logged at 1656682002321 (15:26:42 GMT+0200 (heure d’été d’Europe centrale))
2022-07-01 13:26:42:321 [WebDriverAgent] Using WDA path: '/opt/homebrew/lib/node_modules/appium/node_modules/appium-webdriveragent'
2022-07-01 13:26:42:321 [WebDriverAgent] Using WDA agent: '/opt/homebrew/lib/node_modules/appium/node_modules/appium-webdriveragent/WebDriverAgent.xcodeproj'
2022-07-01 13:26:42:514 [XCUITest] Crash reports root '/Users/bambadia/Library/Logs/CrashReporter/MobileDevice/iPhone 13 mini' does not exist. Got nothing to gather.
2022-07-01 13:26:42:514 [BaseDriver] Event 'logCaptureStarted' logged at 1656682002514 (15:26:42 GMT+0200 (heure d’été d’Europe centrale))
2022-07-01 13:26:42:514 [XCUITest] Setting up real device
2022-07-01 13:26:42:514 [XCUITest] Verifying application platform
2022-07-01 13:26:42:516 [XCUITest] CFBundleSupportedPlatforms: ["iPhoneOS"]
2022-07-01 13:26:42:681 [XCUITest] Reset requested. Removing app with id 'com.auchan-mobile' from the device
2022-07-01 13:26:42:994 [XCUITest] Installing '/Users/bambadia/IdeaProjects/CucumberFramework/target/test-classes/apps/smi.app' on device with UUID '00008110-0006409C3482801E'...
2022-07-01 13:26:42:994 [XCUITest] Using 'serial' app deployment strategy. You could change it by providing another value to the 'appInstallStrategy' capability
2022-07-01 13:26:43:114 [XCUITest] Getting bundle ID from app '/Users/bambadia/IdeaProjects/CucumberFramework/target/test-classes/apps/smi.app': 'com.auchan-mobile'
2022-07-01 13:26:43:279 [XCUITest] Successfully scanned the tree structure of '/Users/bambadia/IdeaProjects/CucumberFramework/target/test-classes/apps/smi.app'
2022-07-01 13:26:43:284 [XCUITest] Got 359 folders and 1399 files to push
2022-07-01 13:26:43:501 [XCUITest] Successfully created the remote folder structure (360 items)
2022-07-01 13:26:43:502 [XCUITest] Proceeding to serial files push
2022-07-01 13:26:44:331 [WebDriverAgent] Parsed BUILD_DIR configuration value: '/Users/bambadia/Library/Developer/Xcode/DerivedData/WebDriverAgent-fxmsedpwfaalxlbcwefbceeuodem/Build/Products'
2022-07-01 13:26:44:332 [WebDriverAgent] Got derived data root: '/Users/bambadia/Library/Developer/Xcode/DerivedData/WebDriverAgent-fxmsedpwfaalxlbcwefbceeuodem'
2022-07-01 13:27:00:104 [XCUITest] Successfully pushed 359 folders and 1399 files within 16987ms
2022-07-01 13:27:00:518 [XCUITest] A new application installation is going to be performed
2022-07-01 13:27:02:290 [XCUITest] App installation succeeded after 19295ms
2022-07-01 13:27:02:290 [XCUITest] The app has been installed successfully.
2022-07-01 13:27:02:291 [BaseDriver] Event 'appInstalled' logged at 1656682022290 (15:27:02 GMT+0200 (heure d’été d’Europe centrale))
2022-07-01 13:27:02:358 [WebDriverAgent] No obsolete cached processes from previous WDA sessions listening on port 8000 have been found
2022-07-01 13:27:02:358 [DevCon Factory] Requesting connection for device 00008110-0006409C3482801E on local port 8000, device port 8000
2022-07-01 13:27:02:358 [DevCon Factory] Cached connections count: 0
2022-07-01 13:27:02:371 [DevCon Factory] Successfully requested the connection for 00008110-0006409C3482801E:8000
2022-07-01 13:27:02:381 [XCUITest] Starting WebDriverAgent initialization with the synchronization key 'XCUITestDriver'
2022-07-01 13:27:02:384 [WD Proxy] Matched '/status' to command name 'getStatus'
2022-07-01 13:27:02:384 [WD Proxy] Proxying [GET /status] to [GET http://127.0.0.1:8000/status] with no body
2022-07-01 13:27:02:417 [WD Proxy] Got response with status 200: {"value":{"message":"WebDriverAgent is ready to accept commands","state":"success","os":{"testmanagerdVersion":28,"name":"iOS","sdkVersion":"15.4","version":"15.5"},"ios":{"ip":"169.254.56.49"},"ready":true,"build":{"upgradedAt":"499162500000","time":"Jun 22 2022 15:44:20","productBundleIdentifier":"com.facebook.WebDriverAgentRunner"}},"sessionId":null}
2022-07-01 13:27:02:418 [WebDriverAgent] Upgrade timestamp of the currently bundled WDA: 499162500000
2022-07-01 13:27:02:419 [WebDriverAgent] Upgrade timestamp of the WDA on the device: 499162500000
2022-07-01 13:27:02:419 [WebDriverAgent] Will reuse previously cached WDA instance at 'http://127.0.0.1:8000/' with 'com.facebook.WebDriverAgentRunner'. Set the wdaLocalPort capability to a value different from 8000 if this is an undesired behavior.
2022-07-01 13:27:02:419 [XCUITest] Trying to start WebDriverAgent 1 times with 10000ms interval
2022-07-01 13:27:02:419 [XCUITest] These values can be customized by changing wdaStartupRetries/wdaStartupRetryInterval capabilities
2022-07-01 13:27:02:419 [BaseDriver] Event 'wdaStartAttempted' logged at 1656682022419 (15:27:02 GMT+0200 (heure d’été d’Europe centrale))
2022-07-01 13:27:02:419 [WebDriverAgent] Using provided WebdriverAgent at 'http://127.0.0.1:8000/'
2022-07-01 13:27:02:420 [WD Proxy] Matched '/status' to command name 'getStatus'
2022-07-01 13:27:02:420 [WD Proxy] Proxying [GET /status] to [GET http://127.0.0.1:8000/status] with no body
2022-07-01 13:27:02:429 [WD Proxy] Got response with status 200: {"value":{"message":"WebDriverAgent is ready to accept commands","state":"success","os":{"testmanagerdVersion":28,"name":"iOS","sdkVersion":"15.4","version":"15.5"},"ios":{"ip":"169.254.56.49"},"ready":true,"build":{"upgradedAt":"499162500000","time":"Jun 22 2022 15:44:20","productBundleIdentifier":"com.facebook.WebDriverAgentRunner"}},"sessionId":null}
2022-07-01 13:27:02:430 [BaseDriver] Event 'wdaSessionAttempted' logged at 1656682022429 (15:27:02 GMT+0200 (heure d’été d’Europe centrale))
2022-07-01 13:27:02:430 [XCUITest] Sending createSession command to WDA
2022-07-01 13:27:02:431 [WD Proxy] Matched '/session' to command name 'createSession'
2022-07-01 13:27:02:431 [WD Proxy] Proxying [POST /session] to [POST http://127.0.0.1:8000/session] with body: {"capabilities":{"firstMatch":[{"bundleId":"com.auchan-mobile","arguments":[],"environment":{},"eventloopIdleDelaySec":0,"shouldWaitForQuiescence":true,"shouldUseTestManagerForVisibilityDetection":false,"maxTypingFrequency":60,"shouldUseSingletonTestManager":true,"shouldTerminateApp":true,"forceAppLaunch":true,"useNativeCachingStrategy":true,"forceSimulatorSoftwareKeyboardPresence":true}],"alwaysMatch":{}}}
2022-07-01 13:27:04:866 [WD Proxy] Got response with status 200: {"value":{"sessionId":"3AA855B5-09F4-4A84-B001-9E016B8C0947","capabilities":{"device":"iphone","browserName":"Auchan","sdkVersion":"15.5","CFBundleIdentifier":"com.auchan-mobile"}},"sessionId":"3AA855B5-09F4-4A84-B001-9E016B8C0947"}
2022-07-01 13:27:04:867 [WD Proxy] Determined the downstream protocol as 'W3C'
2022-07-01 13:27:04:867 [BaseDriver] Event 'wdaSessionStarted' logged at 1656682024867 (15:27:04 GMT+0200 (heure d’été d’Europe centrale))
2022-07-01 13:27:04:868 [BaseDriver] Event 'wdaStarted' logged at 1656682024868 (15:27:04 GMT+0200 (heure d’été d’Europe centrale))
2022-07-01 13:27:04:868 [XCUITest] Skipping setting of the initial display orientation. Set the "orientation" capability to either "LANDSCAPE" or "PORTRAIT", if this is an undesired behavior.
2022-07-01 13:27:04:868 [BaseDriver] Event 'orientationSet' logged at 1656682024868 (15:27:04 GMT+0200 (heure d’été d’Europe centrale))
2022-07-01 13:27:04:869 [BaseDriver] The value of 'elementResponseAttributes' setting did not change. Skipping the update for it
2022-07-01 13:27:04:869 [BaseDriver] The value of 'shouldUseCompactResponses' setting did not change. Skipping the update for it
2022-07-01 13:27:04:869 [Appium] New XCUITestDriver session created successfully, session 1489ceef-abeb-49b6-90df-45415659990f added to master session list
2022-07-01 13:27:04:874 [BaseDriver] Event 'newSessionStarted' logged at 1656682024872 (15:27:04 GMT+0200 (heure d’été d’Europe centrale))
2022-07-01 13:27:04:875 [W3C (1489ceef)] Cached the protocol value 'W3C' for the new session 1489ceef-abeb-49b6-90df-45415659990f
2022-07-01 13:27:04:876 [W3C (1489ceef)] Responding to client with driver.createSession() result: {"capabilities":{"webStorageEnabled":false,"locationContextEnabled":false,"browserName":"","platform":"MAC","javascriptEnabled":true,"databaseEnabled":false,"takesScreenshot":true,"networkConnectionEnabled":false,"platformName":"ios","app":"/Users/bambadia/IdeaProjects/CucumberFramework/target/test-classes/apps/smi.app","automationName":"XCUITEST","deviceName":"iPhone 13 mini","includeSafariInWebviews":true,"newCommandTimeout":90,"udid":"00008110-0006409C3482801E","useNewWDA":false,"wdaLocalPort":8000,"webkitDebugProxyPort":10001,"webviewConnectTimeout":5000}}
2022-07-01 13:27:04:882 [HTTP] <-- POST /wd/hub/session 200 22910 ms - 627
2022-07-01 13:27:04:882 [HTTP] 
2022-07-01 13:27:05:181 [HTTP] --> GET /wd/hub/session/1489ceef-abeb-49b6-90df-45415659990f/context
2022-07-01 13:27:05:182 [HTTP] {}
2022-07-01 13:27:05:187 [W3C (1489ceef)] Calling AppiumDriver.getCurrentContext() with args: ["1489ceef-abeb-49b6-90df-45415659990f"]
2022-07-01 13:27:05:188 [XCUITest] Executing command 'getCurrentContext'
2022-07-01 13:27:05:188 [W3C (1489ceef)] Responding to client with driver.getCurrentContext() result: "NATIVE_APP"
2022-07-01 13:27:05:190 [HTTP] <-- GET /wd/hub/session/1489ceef-abeb-49b6-90df-45415659990f/context 200 8 ms - 22
2022-07-01 13:27:05:190 [HTTP] 
2022-07-01 13:27:05:206 [HTTP] --> POST /wd/hub/session/1489ceef-abeb-49b6-90df-45415659990f/element
2022-07-01 13:27:05:206 [HTTP] {"using":"accessibility id","value":"suggestedContinue"}
2022-07-01 13:27:05:210 [W3C (1489ceef)] Calling AppiumDriver.findElement() with args: ["accessibility id","suggestedContinue","1489ceef-abeb-49b6-90df-45415659990f"]
2022-07-01 13:27:05:211 [XCUITest] Executing command 'findElement'
2022-07-01 13:27:05:211 [BaseDriver] Valid locator strategies for this request: xpath, id, name, class name, -ios predicate string, -ios class chain, accessibility id, css selector
2022-07-01 13:27:05:211 [BaseDriver] Waiting up to 0 ms for condition
2022-07-01 13:27:05:217 [WD Proxy] Matched '/element' to command name 'findElement'
2022-07-01 13:27:05:218 [WD Proxy] Proxying [POST /element] to [POST http://127.0.0.1:8000/session/3AA855B5-09F4-4A84-B001-9E016B8C0947/element] with body: {"using":"accessibility id","value":"suggestedContinue"}
2022-07-01 13:27:05:308 [WD Proxy] Got response with status 200: {"value":{"ELEMENT":"0F000000-0000-0000-CD13-000000000000","element-6066-11e4-a52e-4f735466cecf":"0F000000-0000-0000-CD13-000000000000"},"sessionId":"3AA855B5-09F4-4A84-B001-9E016B8C0947"}
2022-07-01 13:27:05:309 [W3C (1489ceef)] Responding to client with driver.findElement() result: {"element-6066-11e4-a52e-4f735466cecf":"0F000000-0000-0000-CD13-000000000000","ELEMENT":"0F000000-0000-0000-CD13-000000000000"}
2022-07-01 13:27:05:310 [HTTP] <-- POST /wd/hub/session/1489ceef-abeb-49b6-90df-45415659990f/element 200 105 ms - 137
2022-07-01 13:27:05:310 [HTTP] 
2022-07-01 13:27:05:319 [HTTP] --> GET /wd/hub/session/1489ceef-abeb-49b6-90df-45415659990f/element/0F000000-0000-0000-CD13-000000000000/displayed
2022-07-01 13:27:05:320 [HTTP] {}
2022-07-01 13:27:05:325 [W3C (1489ceef)] Driver proxy active, passing request on via HTTP proxy
2022-07-01 13:27:05:325 [XCUITest] Executing command 'proxyReqRes'
2022-07-01 13:27:05:329 [WD Proxy] Matched '/wd/hub/session/1489ceef-abeb-49b6-90df-45415659990f/element/0F000000-0000-0000-CD13-000000000000/displayed' to command name 'elementDisplayed'
2022-07-01 13:27:05:329 [WD Proxy] Proxying [GET /wd/hub/session/1489ceef-abeb-49b6-90df-45415659990f/element/0F000000-0000-0000-CD13-000000000000/displayed] to [GET http://127.0.0.1:8000/session/3AA855B5-09F4-4A84-B001-9E016B8C0947/element/0F000000-0000-0000-CD13-000000000000/displayed] with no body
2022-07-01 13:27:05:384 [WD Proxy] Got response with status 200: {"value":true,"sessionId":"3AA855B5-09F4-4A84-B001-9E016B8C0947"}
2022-07-01 13:27:05:385 [WD Proxy] Replacing sessionId 3AA855B5-09F4-4A84-B001-9E016B8C0947 with 1489ceef-abeb-49b6-90df-45415659990f
2022-07-01 13:27:05:385 [HTTP] <-- GET /wd/hub/session/1489ceef-abeb-49b6-90df-45415659990f/element/0F000000-0000-0000-CD13-000000000000/displayed 200 66 ms - 65
2022-07-01 13:27:05:385 [HTTP] 
2022-07-01 13:27:05:394 [HTTP] --> GET /wd/hub/session/1489ceef-abeb-49b6-90df-45415659990f/element/0F000000-0000-0000-CD13-000000000000/enabled
2022-07-01 13:27:05:394 [HTTP] {}
2022-07-01 13:27:05:396 [W3C (1489ceef)] Driver proxy active, passing request on via HTTP proxy
2022-07-01 13:27:05:397 [XCUITest] Executing command 'proxyReqRes'
2022-07-01 13:27:05:399 [WD Proxy] Matched '/wd/hub/session/1489ceef-abeb-49b6-90df-45415659990f/element/0F000000-0000-0000-CD13-000000000000/enabled' to command name 'elementEnabled'
2022-07-01 13:27:05:399 [WD Proxy] Proxying [GET /wd/hub/session/1489ceef-abeb-49b6-90df-45415659990f/element/0F000000-0000-0000-CD13-000000000000/enabled] to [GET http://127.0.0.1:8000/session/3AA855B5-09F4-4A84-B001-9E016B8C0947/element/0F000000-0000-0000-CD13-000000000000/enabled] with no body
2022-07-01 13:27:05:446 [WD Proxy] Got response with status 200: {"value":true,"sessionId":"3AA855B5-09F4-4A84-B001-9E016B8C0947"}
2022-07-01 13:27:05:447 [WD Proxy] Replacing sessionId 3AA855B5-09F4-4A84-B001-9E016B8C0947 with 1489ceef-abeb-49b6-90df-45415659990f
2022-07-01 13:27:05:448 [HTTP] <-- GET /wd/hub/session/1489ceef-abeb-49b6-90df-45415659990f/element/0F000000-0000-0000-CD13-000000000000/enabled 200 54 ms - 65
2022-07-01 13:27:05:448 [HTTP] 
2022-07-01 13:27:05:456 [HTTP] --> POST /wd/hub/session/1489ceef-abeb-49b6-90df-45415659990f/element/0F000000-0000-0000-CD13-000000000000/click
2022-07-01 13:27:05:457 [HTTP] {"id":"0F000000-0000-0000-CD13-000000000000"}
2022-07-01 13:27:05:458 [W3C (1489ceef)] Driver proxy active, passing request on via HTTP proxy
2022-07-01 13:27:05:459 [XCUITest] Executing command 'proxyReqRes'
2022-07-01 13:27:05:460 [WD Proxy] Matched '/wd/hub/session/1489ceef-abeb-49b6-90df-45415659990f/element/0F000000-0000-0000-CD13-000000000000/click' to command name 'click'
2022-07-01 13:27:05:461 [WD Proxy] Proxying [POST /wd/hub/session/1489ceef-abeb-49b6-90df-45415659990f/element/0F000000-0000-0000-CD13-000000000000/click] to [POST http://127.0.0.1:8000/session/3AA855B5-09F4-4A84-B001-9E016B8C0947/element/0F000000-0000-0000-CD13-000000000000/click] with body: {"id":"0F000000-0000-0000-CD13-000000000000"}
2022-07-01 13:27:05:689 [WD Proxy] Got response with status 200: {"value":null,"sessionId":"3AA855B5-09F4-4A84-B001-9E016B8C0947"}
2022-07-01 13:27:05:689 [WD Proxy] Replacing sessionId 3AA855B5-09F4-4A84-B001-9E016B8C0947 with 1489ceef-abeb-49b6-90df-45415659990f
2022-07-01 13:27:05:690 [HTTP] <-- POST /wd/hub/session/1489ceef-abeb-49b6-90df-45415659990f/element/0F000000-0000-0000-CD13-000000000000/click 200 233 ms - 65
2022-07-01 13:27:05:690 [HTTP] 
2022-07-01 13:27:05:707 [HTTP] --> DELETE /wd/hub/session/1489ceef-abeb-49b6-90df-45415659990f
2022-07-01 13:27:05:707 [HTTP] {}
2022-07-01 13:27:05:707 [W3C (1489ceef)] Calling AppiumDriver.deleteSession() with args: ["1489ceef-abeb-49b6-90df-45415659990f"]
2022-07-01 13:27:05:707 [BaseDriver] Event 'quitSessionRequested' logged at 1656682025707 (15:27:05 GMT+0200 (heure d’été d’Europe centrale))
2022-07-01 13:27:05:707 [Appium] Removing session 1489ceef-abeb-49b6-90df-45415659990f from our master session list
2022-07-01 13:27:05:709 [WD Proxy] Matched '/session/1489ceef-abeb-49b6-90df-45415659990f' to command name 'deleteSession'
2022-07-01 13:27:05:709 [WD Proxy] Proxying [DELETE /session/1489ceef-abeb-49b6-90df-45415659990f] to [DELETE http://127.0.0.1:8000/session/3AA855B5-09F4-4A84-B001-9E016B8C0947] with no body
2022-07-01 13:27:06:745 [WD Proxy] Got response with status 200: {"value":null,"sessionId":null}
2022-07-01 13:27:06:746 [DevCon Factory] Releasing connections for 00008110-0006409C3482801E device on any port number
2022-07-01 13:27:06:747 [DevCon Factory] Found cached connections to release: ["00008110-0006409C3482801E:8000"]
2022-07-01 13:27:06:747 [DevCon Factory] Releasing the listener for '00008110-0006409C3482801E:8000'
2022-07-01 13:27:06:747 [iProxy@00008110:8000] Closing the connection
2022-07-01 13:27:06:748 [DevCon Factory] Cached connections count: 0
2022-07-01 13:27:06:748 [XCUITest] Not clearing log files. Use `clearSystemFiles` capability to turn on.
2022-07-01 13:27:06:749 [BaseDriver] Event 'quitSessionFinished' logged at 1656682026749 (15:27:06 GMT+0200 (heure d’été d’Europe centrale))
2022-07-01 13:27:06:750 [W3C (1489ceef)] Received response: null
2022-07-01 13:27:06:750 [W3C (1489ceef)] But deleting session, so not returning
2022-07-01 13:27:06:750 [W3C (1489ceef)] Responding to client with driver.deleteSession() result: null
2022-07-01 13:27:06:751 [HTTP] <-- DELETE /wd/hub/session/1489ceef-abeb-49b6-90df-45415659990f 200 1044 ms - 14
2022-07-01 13:27:06:751 [HTTP] 
2022-07-01 13:27:06:836 [HTTP] Request idempotency key: e8ce876a-9c2a-4079-822f-a901e9ff590c
2022-07-01 13:27:06:838 [HTTP] --> POST /wd/hub/session
2022-07-01 13:27:06:838 [HTTP] {"capabilities":{"firstMatch":[{}],"alwaysMatch":{"appium:app":"/Users/bambadia/IdeaProjects/CucumberFramework/target/test-classes/apps/smi.app","appium:automationName":"XCUITEST","appium:deviceName":"iPhone 13 mini","appium:includeSafariInWebviews":"true","appium:newCommandTimeout":"90","appium:udid":"00008110-0006409C3482801E","appium:useNewWDA":"false","appium:wdaLocalPort":"8000","appium:webkitDebugProxyPort":"10001","appium:webviewConnectTimeout":"5000","platformName":"ios"}}}
2022-07-01 13:27:06:838 [W3C] Calling AppiumDriver.createSession() with args: [null,null,{"firstMatch":[{}],"alwaysMatch":{"appium:app":"/Users/bambadia/IdeaProjects/CucumberFramework/target/test-classes/apps/smi.app","appium:automationName":"XCUITEST","appium:deviceName":"iPhone 13 mini","appium:includeSafariInWebviews":"true","appium:newCommandTimeout":"90","appium:udid":"00008110-0006409C3482801E","appium:useNewWDA":"false","appium:wdaLocalPort":"8000","appium:webkitDebugProxyPort":"10001","appium:webviewConnectTimeout":"5000","platformName":"ios"}}]
2022-07-01 13:27:06:838 [BaseDriver] Event 'newSessionRequested' logged at 1656682026838 (15:27:06 GMT+0200 (heure d’été d’Europe centrale))
2022-07-01 13:27:06:841 [BaseDriver] Number capability passed in as string. Functionality may be compromised.
2022-07-01 13:27:06:842 [Appium] Appium v1.22.3 creating new XCUITestDriver (v3.59.0) session
2022-07-01 13:27:06:842 [Appium] There are no active sessions for cleanup
2022-07-01 13:27:06:843 [BaseDriver] Creating session with W3C capabilities: {
2022-07-01 13:27:06:843 [BaseDriver]   "alwaysMatch": {
2022-07-01 13:27:06:843 [BaseDriver]     "platformName": "ios",
2022-07-01 13:27:06:843 [BaseDriver]     "appium:app": "/Users/bambadia/IdeaProjects/CucumberFramework/target/test-classes/apps/smi.app",
2022-07-01 13:27:06:843 [BaseDriver]     "appium:automationName": "XCUITEST",
2022-07-01 13:27:06:843 [BaseDriver]     "appium:deviceName": "iPhone 13 mini",
2022-07-01 13:27:06:843 [BaseDriver]     "appium:includeSafariInWebviews": "true",
2022-07-01 13:27:06:843 [BaseDriver]     "appium:newCommandTimeout": "90",
2022-07-01 13:27:06:843 [BaseDriver]     "appium:udid": "00008110-0006409C3482801E",
2022-07-01 13:27:06:843 [BaseDriver]     "appium:useNewWDA": "false",
2022-07-01 13:27:06:843 [BaseDriver]     "appium:wdaLocalPort": "8000",
2022-07-01 13:27:06:843 [BaseDriver]     "appium:webkitDebugProxyPort": "10001",
2022-07-01 13:27:06:843 [BaseDriver]     "appium:webviewConnectTimeout": "5000"
2022-07-01 13:27:06:843 [BaseDriver]   },
2022-07-01 13:27:06:843 [BaseDriver]   "firstMatch": [
2022-07-01 13:27:06:843 [BaseDriver]     {}
2022-07-01 13:27:06:843 [BaseDriver]   ]
2022-07-01 13:27:06:844 [BaseDriver] }
2022-07-01 13:27:06:844 [BaseDriver] Number capability passed in as string. Functionality may be compromised.
2022-07-01 13:27:06:844 [BaseDriver] Number capability passed in as string. Functionality may be compromised.
2022-07-01 13:27:06:844 [BaseDriver] Number capability passed in as string. Functionality may be compromised.
2022-07-01 13:27:06:845 [BaseDriver] Number capability passed in as string. Functionality may be compromised.
2022-07-01 13:27:06:846 [BaseDriver] Capability 'useNewWDA' changed from string to boolean. This may cause unexpected behavior
2022-07-01 13:27:06:846 [BaseDriver] Capability 'includeSafariInWebviews' changed from string to boolean. This may cause unexpected behavior
2022-07-01 13:27:06:846 [BaseDriver] Capability 'newCommandTimeout' changed from string ('90') to integer (90). This may cause unexpected behavior
2022-07-01 13:27:06:846 [BaseDriver] Capability 'webkitDebugProxyPort' changed from string ('10001') to integer (10001). This may cause unexpected behavior
2022-07-01 13:27:06:846 [BaseDriver] Capability 'wdaLocalPort' changed from string ('8000') to integer (8000). This may cause unexpected behavior
2022-07-01 13:27:06:846 [BaseDriver] Capability 'webviewConnectTimeout' changed from string ('5000') to integer (5000). This may cause unexpected behavior
2022-07-01 13:27:06:848 [XCUITest] 'platformVersion' capability ('undefined') is not a valid version number. Consider fixing it or be ready to experience an inconsistent driver behavior.
2022-07-01 13:27:06:848 [BaseDriver] Session created with session id: 77eebb3b-736d-4858-b8eb-c7c0a2d1b5b6
2022-07-01 13:27:06:919 [XCUITest] Current user: 'bambadia'
2022-07-01 13:27:06:926 [XCUITest] Available devices: 00008110-0006409C3482801E, eb7696dfde984d2803f14b74276838381e7d96cd
2022-07-01 13:27:06:926 [XCUITest] Creating iDevice object with udid '00008110-0006409C3482801E'
2022-07-01 13:27:06:926 [XCUITest] Determining device to run tests on: udid: '00008110-0006409C3482801E', real device: true
2022-07-01 13:27:06:982 [XCUITest] No platformVersion specified. Using device version: '15.5'
2022-07-01 13:27:06:983 [BaseDriver] Event 'xcodeDetailsRetrieved' logged at 1656682026983 (15:27:06 GMT+0200 (heure d’été d’Europe centrale))
2022-07-01 13:27:06:984 [BaseDriver] Using local app '/Users/bambadia/IdeaProjects/CucumberFramework/target/test-classes/apps/smi.app'
2022-07-01 13:27:06:984 [BaseDriver] Event 'appConfigured' logged at 1656682026984 (15:27:06 GMT+0200 (heure d’été d’Europe centrale))
2022-07-01 13:27:06:984 [XCUITest] Checking whether app '/Users/bambadia/IdeaProjects/CucumberFramework/target/test-classes/apps/smi.app' is actually present on file system
2022-07-01 13:27:06:984 [XCUITest] App is present
2022-07-01 13:27:06:986 [XCUITest] Getting bundle ID from app '/Users/bambadia/IdeaProjects/CucumberFramework/target/test-classes/apps/smi.app': 'com.auchan-mobile'
2022-07-01 13:27:06:986 [BaseDriver] Event 'resetStarted' logged at 1656682026986 (15:27:06 GMT+0200 (heure d’été d’Europe centrale))
2022-07-01 13:27:06:986 [XCUITest] Reset: running ios real device reset flow
2022-07-01 13:27:06:986 [BaseDriver] Event 'resetComplete' logged at 1656682026986 (15:27:06 GMT+0200 (heure d’été d’Europe centrale))
2022-07-01 13:27:06:986 [WebDriverAgent] Using WDA path: '/opt/homebrew/lib/node_modules/appium/node_modules/appium-webdriveragent'
2022-07-01 13:27:06:986 [WebDriverAgent] Using WDA agent: '/opt/homebrew/lib/node_modules/appium/node_modules/appium-webdriveragent/WebDriverAgent.xcodeproj'
2022-07-01 13:27:07:194 [XCUITest] Crash reports root '/Users/bambadia/Library/Logs/CrashReporter/MobileDevice/iPhone 13 mini' does not exist. Got nothing to gather.
2022-07-01 13:27:07:195 [BaseDriver] Event 'logCaptureStarted' logged at 1656682027195 (15:27:07 GMT+0200 (heure d’été d’Europe centrale))
2022-07-01 13:27:07:195 [XCUITest] Setting up real device
2022-07-01 13:27:07:195 [XCUITest] Verifying application platform
2022-07-01 13:27:07:196 [XCUITest] CFBundleSupportedPlatforms: ["iPhoneOS"]
2022-07-01 13:27:07:358 [XCUITest] Reset requested. Removing app with id 'com.auchan-mobile' from the device
2022-07-01 13:27:07:668 [XCUITest] Installing '/Users/bambadia/IdeaProjects/CucumberFramework/target/test-classes/apps/smi.app' on device with UUID '00008110-0006409C3482801E'...
2022-07-01 13:27:07:668 [XCUITest] Using 'serial' app deployment strategy. You could change it by providing another value to the 'appInstallStrategy' capability
2022-07-01 13:27:07:778 [XCUITest] Getting bundle ID from app '/Users/bambadia/IdeaProjects/CucumberFramework/target/test-classes/apps/smi.app': 'com.auchan-mobile'
2022-07-01 13:27:07:954 [XCUITest] Successfully scanned the tree structure of '/Users/bambadia/IdeaProjects/CucumberFramework/target/test-classes/apps/smi.app'
2022-07-01 13:27:07:959 [XCUITest] Got 359 folders and 1399 files to push
2022-07-01 13:27:08:155 [XCUITest] Successfully created the remote folder structure (360 items)
2022-07-01 13:27:08:155 [XCUITest] Proceeding to serial files push
2022-07-01 13:27:08:929 [WebDriverAgent] Parsed BUILD_DIR configuration value: '/Users/bambadia/Library/Developer/Xcode/DerivedData/WebDriverAgent-fxmsedpwfaalxlbcwefbceeuodem/Build/Products'
2022-07-01 13:27:08:929 [WebDriverAgent] Got derived data root: '/Users/bambadia/Library/Developer/Xcode/DerivedData/WebDriverAgent-fxmsedpwfaalxlbcwefbceeuodem'
2022-07-01 13:27:26:410 [XCUITest] Successfully pushed 359 folders and 1399 files within 18630ms
2022-07-01 13:27:26:828 [XCUITest] A new application installation is going to be performed
2022-07-01 13:27:28:704 [XCUITest] App installation succeeded after 21035ms
2022-07-01 13:27:28:705 [XCUITest] The app has been installed successfully.
2022-07-01 13:27:28:705 [BaseDriver] Event 'appInstalled' logged at 1656682048705 (15:27:28 GMT+0200 (heure d’été d’Europe centrale))
2022-07-01 13:27:28:854 [WebDriverAgent] No obsolete cached processes from previous WDA sessions listening on port 8000 have been found
2022-07-01 13:27:28:855 [DevCon Factory] Requesting connection for device 00008110-0006409C3482801E on local port 8000, device port 8000
2022-07-01 13:27:28:855 [DevCon Factory] Cached connections count: 0
2022-07-01 13:27:28:863 [DevCon Factory] Successfully requested the connection for 00008110-0006409C3482801E:8000
2022-07-01 13:27:28:864 [XCUITest] Starting WebDriverAgent initialization with the synchronization key 'XCUITestDriver'
2022-07-01 13:27:28:866 [WD Proxy] Matched '/status' to command name 'getStatus'
2022-07-01 13:27:28:866 [WD Proxy] Proxying [GET /status] to [GET http://127.0.0.1:8000/status] with no body
2022-07-01 13:27:28:883 [WD Proxy] Got response with status 200: {"value":{"message":"WebDriverAgent is ready to accept commands","state":"success","os":{"testmanagerdVersion":28,"name":"iOS","sdkVersion":"15.4","version":"15.5"},"ios":{"ip":"169.254.56.49"},"ready":true,"build":{"upgradedAt":"499162500000","time":"Jun 22 2022 15:44:20","productBundleIdentifier":"com.facebook.WebDriverAgentRunner"}},"sessionId":null}
2022-07-01 13:27:28:884 [WebDriverAgent] Upgrade timestamp of the currently bundled WDA: 499162500000
2022-07-01 13:27:28:884 [WebDriverAgent] Upgrade timestamp of the WDA on the device: 499162500000
2022-07-01 13:27:28:884 [WebDriverAgent] Will reuse previously cached WDA instance at 'http://127.0.0.1:8000/' with 'com.facebook.WebDriverAgentRunner'. Set the wdaLocalPort capability to a value different from 8000 if this is an undesired behavior.
2022-07-01 13:27:28:884 [XCUITest] Trying to start WebDriverAgent 1 times with 10000ms interval
2022-07-01 13:27:28:884 [XCUITest] These values can be customized by changing wdaStartupRetries/wdaStartupRetryInterval capabilities
2022-07-01 13:27:28:884 [BaseDriver] Event 'wdaStartAttempted' logged at 1656682048884 (15:27:28 GMT+0200 (heure d’été d’Europe centrale))
2022-07-01 13:27:28:884 [WebDriverAgent] Using provided WebdriverAgent at 'http://127.0.0.1:8000/'
2022-07-01 13:27:28:885 [WD Proxy] Matched '/status' to command name 'getStatus'
2022-07-01 13:27:28:885 [WD Proxy] Proxying [GET /status] to [GET http://127.0.0.1:8000/status] with no body
2022-07-01 13:27:28:892 [WD Proxy] Got response with status 200: {"value":{"message":"WebDriverAgent is ready to accept commands","state":"success","os":{"testmanagerdVersion":28,"name":"iOS","sdkVersion":"15.4","version":"15.5"},"ios":{"ip":"169.254.56.49"},"ready":true,"build":{"upgradedAt":"499162500000","time":"Jun 22 2022 15:44:20","productBundleIdentifier":"com.facebook.WebDriverAgentRunner"}},"sessionId":null}
2022-07-01 13:27:28:892 [BaseDriver] Event 'wdaSessionAttempted' logged at 1656682048892 (15:27:28 GMT+0200 (heure d’été d’Europe centrale))
2022-07-01 13:27:28:892 [XCUITest] Sending createSession command to WDA
2022-07-01 13:27:28:893 [WD Proxy] Matched '/session' to command name 'createSession'
2022-07-01 13:27:28:894 [WD Proxy] Proxying [POST /session] to [POST http://127.0.0.1:8000/session] with body: {"capabilities":{"firstMatch":[{"bundleId":"com.auchan-mobile","arguments":[],"environment":{},"eventloopIdleDelaySec":0,"shouldWaitForQuiescence":true,"shouldUseTestManagerForVisibilityDetection":false,"maxTypingFrequency":60,"shouldUseSingletonTestManager":true,"shouldTerminateApp":true,"forceAppLaunch":true,"useNativeCachingStrategy":true,"forceSimulatorSoftwareKeyboardPresence":true}],"alwaysMatch":{}}}
2022-07-01 13:27:31:379 [WD Proxy] Got response with status 200: {"value":{"sessionId":"3F860D07-269B-4B4B-9FDE-C7326338CF74","capabilities":{"device":"iphone","browserName":"Auchan","sdkVersion":"15.5","CFBundleIdentifier":"com.auchan-mobile"}},"sessionId":"3F860D07-269B-4B4B-9FDE-C7326338CF74"}
2022-07-01 13:27:31:381 [WD Proxy] Determined the downstream protocol as 'W3C'
2022-07-01 13:27:31:382 [BaseDriver] Event 'wdaSessionStarted' logged at 1656682051381 (15:27:31 GMT+0200 (heure d’été d’Europe centrale))
2022-07-01 13:27:31:383 [BaseDriver] Event 'wdaStarted' logged at 1656682051382 (15:27:31 GMT+0200 (heure d’été d’Europe centrale))
2022-07-01 13:27:31:383 [XCUITest] Skipping setting of the initial display orientation. Set the "orientation" capability to either "LANDSCAPE" or "PORTRAIT", if this is an undesired behavior.
2022-07-01 13:27:31:384 [BaseDriver] Event 'orientationSet' logged at 1656682051384 (15:27:31 GMT+0200 (heure d’été d’Europe centrale))
2022-07-01 13:27:31:384 [BaseDriver] The value of 'elementResponseAttributes' setting did not change. Skipping the update for it
2022-07-01 13:27:31:384 [BaseDriver] The value of 'shouldUseCompactResponses' setting did not change. Skipping the update for it
2022-07-01 13:27:31:385 [Appium] New XCUITestDriver session created successfully, session 77eebb3b-736d-4858-b8eb-c7c0a2d1b5b6 added to master session list
2022-07-01 13:27:31:388 [BaseDriver] Event 'newSessionStarted' logged at 1656682051387 (15:27:31 GMT+0200 (heure d’été d’Europe centrale))
2022-07-01 13:27:31:388 [W3C (77eebb3b)] Cached the protocol value 'W3C' for the new session 77eebb3b-736d-4858-b8eb-c7c0a2d1b5b6
2022-07-01 13:27:31:389 [W3C (77eebb3b)] Responding to client with driver.createSession() result: {"capabilities":{"webStorageEnabled":false,"locationContextEnabled":false,"browserName":"","platform":"MAC","javascriptEnabled":true,"databaseEnabled":false,"takesScreenshot":true,"networkConnectionEnabled":false,"platformName":"ios","app":"/Users/bambadia/IdeaProjects/CucumberFramework/target/test-classes/apps/smi.app","automationName":"XCUITEST","deviceName":"iPhone 13 mini","includeSafariInWebviews":true,"newCommandTimeout":90,"udid":"00008110-0006409C3482801E","useNewWDA":false,"wdaLocalPort":8000,"webkitDebugProxyPort":10001,"webviewConnectTimeout":5000}}
2022-07-01 13:27:31:396 [HTTP] <-- POST /wd/hub/session 200 24554 ms - 627
2022-07-01 13:27:31:396 [HTTP] 
2022-07-01 13:27:31:448 [HTTP] --> GET /wd/hub/session/77eebb3b-736d-4858-b8eb-c7c0a2d1b5b6/context
2022-07-01 13:27:31:448 [HTTP] {}
2022-07-01 13:27:31:456 [W3C (77eebb3b)] Calling AppiumDriver.getCurrentContext() with args: ["77eebb3b-736d-4858-b8eb-c7c0a2d1b5b6"]
2022-07-01 13:27:31:457 [XCUITest] Executing command 'getCurrentContext'
2022-07-01 13:27:31:458 [W3C (77eebb3b)] Responding to client with driver.getCurrentContext() result: "NATIVE_APP"
2022-07-01 13:27:31:459 [HTTP] <-- GET /wd/hub/session/77eebb3b-736d-4858-b8eb-c7c0a2d1b5b6/context 200 10 ms - 22
2022-07-01 13:27:31:459 [HTTP] 
2022-07-01 13:27:31:468 [HTTP] --> POST /wd/hub/session/77eebb3b-736d-4858-b8eb-c7c0a2d1b5b6/element
2022-07-01 13:27:31:468 [HTTP] {"using":"accessibility id","value":"suggestedContinue"}
2022-07-01 13:27:31:471 [W3C (77eebb3b)] Calling AppiumDriver.findElement() with args: ["accessibility id","suggestedContinue","77eebb3b-736d-4858-b8eb-c7c0a2d1b5b6"]
2022-07-01 13:27:31:471 [XCUITest] Executing command 'findElement'
2022-07-01 13:27:31:471 [BaseDriver] Valid locator strategies for this request: xpath, id, name, class name, -ios predicate string, -ios class chain, accessibility id, css selector
2022-07-01 13:27:31:471 [BaseDriver] Waiting up to 0 ms for condition
2022-07-01 13:27:31:477 [WD Proxy] Matched '/element' to command name 'findElement'
2022-07-01 13:27:31:478 [WD Proxy] Proxying [POST /element] to [POST http://127.0.0.1:8000/session/3F860D07-269B-4B4B-9FDE-C7326338CF74/element] with body: {"using":"accessibility id","value":"suggestedContinue"}
2022-07-01 13:27:31:583 [WD Proxy] Got response with status 200: {"value":{"ELEMENT":"0F000000-0000-0000-D213-000000000000","element-6066-11e4-a52e-4f735466cecf":"0F000000-0000-0000-D213-000000000000"},"sessionId":"3F860D07-269B-4B4B-9FDE-C7326338CF74"}
2022-07-01 13:27:31:584 [W3C (77eebb3b)] Responding to client with driver.findElement() result: {"element-6066-11e4-a52e-4f735466cecf":"0F000000-0000-0000-D213-000000000000","ELEMENT":"0F000000-0000-0000-D213-000000000000"}
2022-07-01 13:27:31:584 [HTTP] <-- POST /wd/hub/session/77eebb3b-736d-4858-b8eb-c7c0a2d1b5b6/element 200 116 ms - 137
2022-07-01 13:27:31:584 [HTTP] 
2022-07-01 13:27:31:591 [HTTP] --> GET /wd/hub/session/77eebb3b-736d-4858-b8eb-c7c0a2d1b5b6/element/0F000000-0000-0000-D213-000000000000/displayed
2022-07-01 13:27:31:591 [HTTP] {}
2022-07-01 13:27:31:593 [W3C (77eebb3b)] Driver proxy active, passing request on via HTTP proxy
2022-07-01 13:27:31:593 [XCUITest] Executing command 'proxyReqRes'
2022-07-01 13:27:31:598 [WD Proxy] Matched '/wd/hub/session/77eebb3b-736d-4858-b8eb-c7c0a2d1b5b6/element/0F000000-0000-0000-D213-000000000000/displayed' to command name 'elementDisplayed'
2022-07-01 13:27:31:599 [WD Proxy] Proxying [GET /wd/hub/session/77eebb3b-736d-4858-b8eb-c7c0a2d1b5b6/element/0F000000-0000-0000-D213-000000000000/displayed] to [GET http://127.0.0.1:8000/session/3F860D07-269B-4B4B-9FDE-C7326338CF74/element/0F000000-0000-0000-D213-000000000000/displayed] with no body
2022-07-01 13:27:31:661 [WD Proxy] Got response with status 200: {"value":true,"sessionId":"3F860D07-269B-4B4B-9FDE-C7326338CF74"}
2022-07-01 13:27:31:661 [WD Proxy] Replacing sessionId 3F860D07-269B-4B4B-9FDE-C7326338CF74 with 77eebb3b-736d-4858-b8eb-c7c0a2d1b5b6
2022-07-01 13:27:31:662 [HTTP] <-- GET /wd/hub/session/77eebb3b-736d-4858-b8eb-c7c0a2d1b5b6/element/0F000000-0000-0000-D213-000000000000/displayed 200 71 ms - 65
2022-07-01 13:27:31:662 [HTTP] 
2022-07-01 13:27:31:667 [HTTP] --> GET /wd/hub/session/77eebb3b-736d-4858-b8eb-c7c0a2d1b5b6/element/0F000000-0000-0000-D213-000000000000/enabled
2022-07-01 13:27:31:667 [HTTP] {}
2022-07-01 13:27:31:667 [W3C (77eebb3b)] Driver proxy active, passing request on via HTTP proxy
2022-07-01 13:27:31:667 [XCUITest] Executing command 'proxyReqRes'
2022-07-01 13:27:31:670 [WD Proxy] Matched '/wd/hub/session/77eebb3b-736d-4858-b8eb-c7c0a2d1b5b6/element/0F000000-0000-0000-D213-000000000000/enabled' to command name 'elementEnabled'
2022-07-01 13:27:31:671 [WD Proxy] Proxying [GET /wd/hub/session/77eebb3b-736d-4858-b8eb-c7c0a2d1b5b6/element/0F000000-0000-0000-D213-000000000000/enabled] to [GET http://127.0.0.1:8000/session/3F860D07-269B-4B4B-9FDE-C7326338CF74/element/0F000000-0000-0000-D213-000000000000/enabled] with no body
2022-07-01 13:27:31:706 [WD Proxy] Got response with status 200: {"value":true,"sessionId":"3F860D07-269B-4B4B-9FDE-C7326338CF74"}
2022-07-01 13:27:31:707 [WD Proxy] Replacing sessionId 3F860D07-269B-4B4B-9FDE-C7326338CF74 with 77eebb3b-736d-4858-b8eb-c7c0a2d1b5b6
2022-07-01 13:27:31:708 [HTTP] <-- GET /wd/hub/session/77eebb3b-736d-4858-b8eb-c7c0a2d1b5b6/element/0F000000-0000-0000-D213-000000000000/enabled 200 41 ms - 65
2022-07-01 13:27:31:708 [HTTP] 
2022-07-01 13:27:31:714 [HTTP] --> POST /wd/hub/session/77eebb3b-736d-4858-b8eb-c7c0a2d1b5b6/element/0F000000-0000-0000-D213-000000000000/click
2022-07-01 13:27:31:714 [HTTP] {"id":"0F000000-0000-0000-D213-000000000000"}
2022-07-01 13:27:31:715 [W3C (77eebb3b)] Driver proxy active, passing request on via HTTP proxy
2022-07-01 13:27:31:716 [XCUITest] Executing command 'proxyReqRes'
2022-07-01 13:27:31:718 [WD Proxy] Matched '/wd/hub/session/77eebb3b-736d-4858-b8eb-c7c0a2d1b5b6/element/0F000000-0000-0000-D213-000000000000/click' to command name 'click'
2022-07-01 13:27:31:718 [WD Proxy] Proxying [POST /wd/hub/session/77eebb3b-736d-4858-b8eb-c7c0a2d1b5b6/element/0F000000-0000-0000-D213-000000000000/click] to [POST http://127.0.0.1:8000/session/3F860D07-269B-4B4B-9FDE-C7326338CF74/element/0F000000-0000-0000-D213-000000000000/click] with body: {"id":"0F000000-0000-0000-D213-000000000000"}
2022-07-01 13:27:31:967 [WD Proxy] Got response with status 200: {"value":null,"sessionId":"3F860D07-269B-4B4B-9FDE-C7326338CF74"}
2022-07-01 13:27:31:967 [WD Proxy] Replacing sessionId 3F860D07-269B-4B4B-9FDE-C7326338CF74 with 77eebb3b-736d-4858-b8eb-c7c0a2d1b5b6
2022-07-01 13:27:31:967 [HTTP] <-- POST /wd/hub/session/77eebb3b-736d-4858-b8eb-c7c0a2d1b5b6/element/0F000000-0000-0000-D213-000000000000/click 200 253 ms - 65
2022-07-01 13:27:31:967 [HTTP] 
2022-07-01 13:27:31:980 [HTTP] --> DELETE /wd/hub/session/77eebb3b-736d-4858-b8eb-c7c0a2d1b5b6
2022-07-01 13:27:31:980 [HTTP] {}
2022-07-01 13:27:31:980 [W3C (77eebb3b)] Calling AppiumDriver.deleteSession() with args: ["77eebb3b-736d-4858-b8eb-c7c0a2d1b5b6"]
2022-07-01 13:27:31:980 [BaseDriver] Event 'quitSessionRequested' logged at 1656682051980 (15:27:31 GMT+0200 (heure d’été d’Europe centrale))
2022-07-01 13:27:31:980 [Appium] Removing session 77eebb3b-736d-4858-b8eb-c7c0a2d1b5b6 from our master session list
2022-07-01 13:27:31:981 [WD Proxy] Matched '/session/77eebb3b-736d-4858-b8eb-c7c0a2d1b5b6' to command name 'deleteSession'
2022-07-01 13:27:31:981 [WD Proxy] Proxying [DELETE /session/77eebb3b-736d-4858-b8eb-c7c0a2d1b5b6] to [DELETE http://127.0.0.1:8000/session/3F860D07-269B-4B4B-9FDE-C7326338CF74] with no body
2022-07-01 13:27:33:047 [WD Proxy] Got response with status 200: {"value":null,"sessionId":null}
2022-07-01 13:27:33:047 [DevCon Factory] Releasing connections for 00008110-0006409C3482801E device on any port number
2022-07-01 13:27:33:048 [DevCon Factory] Found cached connections to release: ["00008110-0006409C3482801E:8000"]
2022-07-01 13:27:33:048 [DevCon Factory] Releasing the listener for '00008110-0006409C3482801E:8000'
2022-07-01 13:27:33:048 [iProxy@00008110:8000] Closing the connection
2022-07-01 13:27:33:048 [DevCon Factory] Cached connections count: 0
2022-07-01 13:27:33:049 [XCUITest] Not clearing log files. Use `clearSystemFiles` capability to turn on.
2022-07-01 13:27:33:050 [BaseDriver] Event 'quitSessionFinished' logged at 1656682053049 (15:27:33 GMT+0200 (heure d’été d’Europe centrale))
2022-07-01 13:27:33:050 [W3C (77eebb3b)] Received response: null
2022-07-01 13:27:33:050 [W3C (77eebb3b)] But deleting session, so not returning
2022-07-01 13:27:33:050 [W3C (77eebb3b)] Responding to client with driver.deleteSession() result: null
2022-07-01 13:27:33:052 [HTTP] <-- DELETE /wd/hub/session/77eebb3b-736d-4858-b8eb-c7c0a2d1b5b6 200 1071 ms - 14
2022-07-01 13:27:33:052 [HTTP] 
2022-07-01 13:27:33:073 [HTTP] --> GET /wd/hub/status
2022-07-01 13:27:33:073 [HTTP] {}
2022-07-01 13:27:33:074 [GENERIC] Calling AppiumDriver.getStatus() with args: []
2022-07-01 13:27:33:075 [GENERIC] Responding to client with driver.getStatus() result: {"build":{"version":"1.22.3"}}
2022-07-01 13:27:33:075 [HTTP] <-- GET /wd/hub/status 200 2 ms - 68
2022-07-01 13:27:33:075 [HTTP] 
2022-07-01 13:27:33:084 [Appium] Received SIGTERM - shutting down
2022-07-01 13:27:33:088 [Appium] There are no active sessions for cleanup
2022-07-01 13:27:33:094 uncaughtException: write EPIPE
Error: write EPIPE
    at afterWriteDispatched (internal/stream_base_commons.js:156:25)
    at writeGeneric (internal/stream_base_commons.js:147:3)
    at Socket._writeGeneric (net.js:785:11)
    at Socket._write (net.js:797:8)
    at writeOrBuffer (internal/streams/writable.js:358:12)
    at Socket.Writable.write (internal/streams/writable.js:303:10)
    at Console.log (/opt/homebrew/lib/node_modules/appium/node_modules/winston/lib/winston/transports/console.js:79:23)
    at Console._write (/opt/homebrew/lib/node_modules/appium/node_modules/winston-transport/index.js:103:17)
    at doWrite (/opt/homebrew/lib/node_modules/appium/node_modules/winston-transport/node_modules/readable-stream/lib/_stream_writable.js:428:64)
    at writeOrBuffer (/opt/homebrew/lib/node_modules/appium/node_modules/winston-transport/node_modules/readable-stream/lib/_stream_writable.js:417:5)
    at Console.Writable.write (/opt/homebrew/lib/node_modules/appium/node_modules/winston-transport/node_modules/readable-stream/lib/_stream_writable.js:334:11)
    at DerivedLogger.ondata (/opt/homebrew/lib/node_modules/appium/node_modules/readable-stream/lib/_stream_readable.js:681:20)
    at DerivedLogger.emit (events.js:327:22)
    at addChunk (/opt/homebrew/lib/node_modules/appium/node_modules/readable-stream/lib/_stream_readable.js:298:12)
    at readableAddChunk (/opt/homebrew/lib/node_modules/appium/node_modules/readable-stream/lib/_stream_readable.js:280:11)
    at DerivedLogger.Readable.push (/opt/homebrew/lib/node_modules/appium/node_modules/readable-stream/lib/_stream_readable.js:241:10)
2022-07-01 13:27:33:097 uncaughtException: write EPIPE
Error: write EPIPE
    at afterWriteDispatched (internal/stream_base_commons.js:156:25)
    at writeGeneric (internal/stream_base_commons.js:147:3)
    at Socket._writeGeneric (net.js:785:11)
    at Socket._write (net.js:797:8)
    at writeOrBuffer (internal/streams/writable.js:358:12)
    at Socket.Writable.write (internal/streams/writable.js:303:10)
    at Console.log (/opt/homebrew/lib/node_modules/appium/node_modules/winston/lib/winston/transports/console.js:51:25)
    at Console._write (/opt/homebrew/lib/node_modules/appium/node_modules/winston-transport/index.js:103:17)
    at doWrite (/opt/homebrew/lib/node_modules/appium/node_modules/winston-transport/node_modules/readable-stream/lib/_stream_writable.js:428:64)
    at writeOrBuffer (/opt/homebrew/lib/node_modules/appium/node_modules/winston-transport/node_modules/readable-stream/lib/_stream_writable.js:417:5)
    at Console.Writable.write (/opt/homebrew/lib/node_modules/appium/node_modules/winston-transport/node_modules/readable-stream/lib/_stream_writable.js:334:11)
    at DerivedLogger.ondata (/opt/homebrew/lib/node_modules/appium/node_modules/readable-stream/lib/_stream_readable.js:681:20)
    at DerivedLogger.emit (events.js:327:22)
    at addChunk (/opt/homebrew/lib/node_modules/appium/node_modules/readable-stream/lib/_stream_readable.js:298:12)
    at readableAddChunk (/opt/homebrew/lib/node_modules/appium/node_modules/readable-stream/lib/_stream_readable.js:280:11)
    at DerivedLogger.Readable.push (/opt/homebrew/lib/node_modules/appium/node_modules/readable-stream/lib/_stream_readable.js:241:10)
